ARM GAS  C:\Users\jacki\AppData\Local\Temp\cchtvJhb.s 			page 1


   1              		.cpu cortex-m4
   2              		.arch armv7e-m
   3              		.fpu fpv4-sp-d16
   4              		.eabi_attribute 27, 1
   5              		.eabi_attribute 28, 1
   6              		.eabi_attribute 20, 1
   7              		.eabi_attribute 21, 1
   8              		.eabi_attribute 23, 3
   9              		.eabi_attribute 24, 1
  10              		.eabi_attribute 25, 1
  11              		.eabi_attribute 26, 1
  12              		.eabi_attribute 30, 1
  13              		.eabi_attribute 34, 1
  14              		.eabi_attribute 18, 4
  15              		.file	"i2c.c"
  16              		.text
  17              	.Ltext0:
  18              		.cfi_sections	.debug_frame
  19              		.section	.text.MX_I2C1_Init,"ax",%progbits
  20              		.align	1
  21              		.global	MX_I2C1_Init
  22              		.syntax unified
  23              		.thumb
  24              		.thumb_func
  26              	MX_I2C1_Init:
  27              	.LFB132:
  28              		.file 1 "Core/Src/i2c.c"
   1:Core/Src/i2c.c **** /* USER CODE BEGIN Header */
   2:Core/Src/i2c.c **** /**
   3:Core/Src/i2c.c ****   ******************************************************************************
   4:Core/Src/i2c.c ****   * @file    i2c.c
   5:Core/Src/i2c.c ****   * @brief   This file provides code for the configuration
   6:Core/Src/i2c.c ****   *          of the I2C instances.
   7:Core/Src/i2c.c ****   ******************************************************************************
   8:Core/Src/i2c.c ****   * @attention
   9:Core/Src/i2c.c ****   *
  10:Core/Src/i2c.c ****   * Copyright (c) 2023 STMicroelectronics.
  11:Core/Src/i2c.c ****   * All rights reserved.
  12:Core/Src/i2c.c ****   *
  13:Core/Src/i2c.c ****   * This software is licensed under terms that can be found in the LICENSE file
  14:Core/Src/i2c.c ****   * in the root directory of this software component.
  15:Core/Src/i2c.c ****   * If no LICENSE file comes with this software, it is provided AS-IS.
  16:Core/Src/i2c.c ****   *
  17:Core/Src/i2c.c ****   ******************************************************************************
  18:Core/Src/i2c.c ****   */
  19:Core/Src/i2c.c **** /* USER CODE END Header */
  20:Core/Src/i2c.c **** /* Includes ------------------------------------------------------------------*/
  21:Core/Src/i2c.c **** #include "i2c.h"
  22:Core/Src/i2c.c **** 
  23:Core/Src/i2c.c **** /* USER CODE BEGIN 0 */
  24:Core/Src/i2c.c **** 
  25:Core/Src/i2c.c **** /* USER CODE END 0 */
  26:Core/Src/i2c.c **** 
  27:Core/Src/i2c.c **** I2C_HandleTypeDef hi2c1;
  28:Core/Src/i2c.c **** 
  29:Core/Src/i2c.c **** /* I2C1 init function */
  30:Core/Src/i2c.c **** void MX_I2C1_Init(void)
ARM GAS  C:\Users\jacki\AppData\Local\Temp\cchtvJhb.s 			page 2


  31:Core/Src/i2c.c **** {
  29              		.loc 1 31 1 view -0
  30              		.cfi_startproc
  31              		@ args = 0, pretend = 0, frame = 0
  32              		@ frame_needed = 0, uses_anonymous_args = 0
  33 0000 08B5     		push	{r3, lr}
  34              		.cfi_def_cfa_offset 8
  35              		.cfi_offset 3, -8
  36              		.cfi_offset 14, -4
  32:Core/Src/i2c.c **** 
  33:Core/Src/i2c.c ****   /* USER CODE BEGIN I2C1_Init 0 */
  34:Core/Src/i2c.c **** 
  35:Core/Src/i2c.c ****   /* USER CODE END I2C1_Init 0 */
  36:Core/Src/i2c.c **** 
  37:Core/Src/i2c.c ****   /* USER CODE BEGIN I2C1_Init 1 */
  38:Core/Src/i2c.c **** 
  39:Core/Src/i2c.c ****   /* USER CODE END I2C1_Init 1 */
  40:Core/Src/i2c.c ****   hi2c1.Instance = I2C1;
  37              		.loc 1 40 3 view .LVU1
  38              		.loc 1 40 18 is_stmt 0 view .LVU2
  39 0002 1248     		ldr	r0, .L9
  40 0004 124B     		ldr	r3, .L9+4
  41 0006 0360     		str	r3, [r0]
  41:Core/Src/i2c.c ****   hi2c1.Init.Timing = 0x10802D9B;
  42              		.loc 1 41 3 is_stmt 1 view .LVU3
  43              		.loc 1 41 21 is_stmt 0 view .LVU4
  44 0008 124B     		ldr	r3, .L9+8
  45 000a 4360     		str	r3, [r0, #4]
  42:Core/Src/i2c.c ****   hi2c1.Init.OwnAddress1 = 0;
  46              		.loc 1 42 3 is_stmt 1 view .LVU5
  47              		.loc 1 42 26 is_stmt 0 view .LVU6
  48 000c 0023     		movs	r3, #0
  49 000e 8360     		str	r3, [r0, #8]
  43:Core/Src/i2c.c ****   hi2c1.Init.AddressingMode = I2C_ADDRESSINGMODE_7BIT;
  50              		.loc 1 43 3 is_stmt 1 view .LVU7
  51              		.loc 1 43 29 is_stmt 0 view .LVU8
  52 0010 0122     		movs	r2, #1
  53 0012 C260     		str	r2, [r0, #12]
  44:Core/Src/i2c.c ****   hi2c1.Init.DualAddressMode = I2C_DUALADDRESS_DISABLE;
  54              		.loc 1 44 3 is_stmt 1 view .LVU9
  55              		.loc 1 44 30 is_stmt 0 view .LVU10
  56 0014 0361     		str	r3, [r0, #16]
  45:Core/Src/i2c.c ****   hi2c1.Init.OwnAddress2 = 0;
  57              		.loc 1 45 3 is_stmt 1 view .LVU11
  58              		.loc 1 45 26 is_stmt 0 view .LVU12
  59 0016 4361     		str	r3, [r0, #20]
  46:Core/Src/i2c.c ****   hi2c1.Init.OwnAddress2Masks = I2C_OA2_NOMASK;
  60              		.loc 1 46 3 is_stmt 1 view .LVU13
  61              		.loc 1 46 31 is_stmt 0 view .LVU14
  62 0018 8361     		str	r3, [r0, #24]
  47:Core/Src/i2c.c ****   hi2c1.Init.GeneralCallMode = I2C_GENERALCALL_DISABLE;
  63              		.loc 1 47 3 is_stmt 1 view .LVU15
  64              		.loc 1 47 30 is_stmt 0 view .LVU16
  65 001a C361     		str	r3, [r0, #28]
  48:Core/Src/i2c.c ****   hi2c1.Init.NoStretchMode = I2C_NOSTRETCH_DISABLE;
  66              		.loc 1 48 3 is_stmt 1 view .LVU17
  67              		.loc 1 48 28 is_stmt 0 view .LVU18
ARM GAS  C:\Users\jacki\AppData\Local\Temp\cchtvJhb.s 			page 3


  68 001c 0362     		str	r3, [r0, #32]
  49:Core/Src/i2c.c ****   if (HAL_I2C_Init(&hi2c1) != HAL_OK)
  69              		.loc 1 49 3 is_stmt 1 view .LVU19
  70              		.loc 1 49 7 is_stmt 0 view .LVU20
  71 001e FFF7FEFF 		bl	HAL_I2C_Init
  72              	.LVL0:
  73              		.loc 1 49 6 view .LVU21
  74 0022 50B9     		cbnz	r0, .L6
  75              	.L2:
  50:Core/Src/i2c.c ****   {
  51:Core/Src/i2c.c ****     Error_Handler();
  52:Core/Src/i2c.c ****   }
  53:Core/Src/i2c.c **** 
  54:Core/Src/i2c.c ****   /** Configure Analogue filter
  55:Core/Src/i2c.c ****   */
  56:Core/Src/i2c.c ****   if (HAL_I2CEx_ConfigAnalogFilter(&hi2c1, I2C_ANALOGFILTER_ENABLE) != HAL_OK)
  76              		.loc 1 56 3 is_stmt 1 view .LVU22
  77              		.loc 1 56 7 is_stmt 0 view .LVU23
  78 0024 0021     		movs	r1, #0
  79 0026 0948     		ldr	r0, .L9
  80 0028 FFF7FEFF 		bl	HAL_I2CEx_ConfigAnalogFilter
  81              	.LVL1:
  82              		.loc 1 56 6 view .LVU24
  83 002c 40B9     		cbnz	r0, .L7
  84              	.L3:
  57:Core/Src/i2c.c ****   {
  58:Core/Src/i2c.c ****     Error_Handler();
  59:Core/Src/i2c.c ****   }
  60:Core/Src/i2c.c **** 
  61:Core/Src/i2c.c ****   /** Configure Digital filter
  62:Core/Src/i2c.c ****   */
  63:Core/Src/i2c.c ****   if (HAL_I2CEx_ConfigDigitalFilter(&hi2c1, 0) != HAL_OK)
  85              		.loc 1 63 3 is_stmt 1 view .LVU25
  86              		.loc 1 63 7 is_stmt 0 view .LVU26
  87 002e 0021     		movs	r1, #0
  88 0030 0648     		ldr	r0, .L9
  89 0032 FFF7FEFF 		bl	HAL_I2CEx_ConfigDigitalFilter
  90              	.LVL2:
  91              		.loc 1 63 6 view .LVU27
  92 0036 30B9     		cbnz	r0, .L8
  93              	.L1:
  64:Core/Src/i2c.c ****   {
  65:Core/Src/i2c.c ****     Error_Handler();
  66:Core/Src/i2c.c ****   }
  67:Core/Src/i2c.c ****   /* USER CODE BEGIN I2C1_Init 2 */
  68:Core/Src/i2c.c **** 
  69:Core/Src/i2c.c ****   /* USER CODE END I2C1_Init 2 */
  70:Core/Src/i2c.c **** 
  71:Core/Src/i2c.c **** }
  94              		.loc 1 71 1 view .LVU28
  95 0038 08BD     		pop	{r3, pc}
  96              	.L6:
  51:Core/Src/i2c.c ****   }
  97              		.loc 1 51 5 is_stmt 1 view .LVU29
  98 003a FFF7FEFF 		bl	Error_Handler
  99              	.LVL3:
 100 003e F1E7     		b	.L2
ARM GAS  C:\Users\jacki\AppData\Local\Temp\cchtvJhb.s 			page 4


 101              	.L7:
  58:Core/Src/i2c.c ****   }
 102              		.loc 1 58 5 view .LVU30
 103 0040 FFF7FEFF 		bl	Error_Handler
 104              	.LVL4:
 105 0044 F3E7     		b	.L3
 106              	.L8:
  65:Core/Src/i2c.c ****   }
 107              		.loc 1 65 5 view .LVU31
 108 0046 FFF7FEFF 		bl	Error_Handler
 109              	.LVL5:
 110              		.loc 1 71 1 is_stmt 0 view .LVU32
 111 004a F5E7     		b	.L1
 112              	.L10:
 113              		.align	2
 114              	.L9:
 115 004c 00000000 		.word	.LANCHOR0
 116 0050 00540040 		.word	1073763328
 117 0054 9B2D8010 		.word	276835739
 118              		.cfi_endproc
 119              	.LFE132:
 121              		.section	.text.HAL_I2C_MspInit,"ax",%progbits
 122              		.align	1
 123              		.global	HAL_I2C_MspInit
 124              		.syntax unified
 125              		.thumb
 126              		.thumb_func
 128              	HAL_I2C_MspInit:
 129              	.LVL6:
 130              	.LFB133:
  72:Core/Src/i2c.c **** 
  73:Core/Src/i2c.c **** void HAL_I2C_MspInit(I2C_HandleTypeDef* i2cHandle)
  74:Core/Src/i2c.c **** {
 131              		.loc 1 74 1 is_stmt 1 view -0
 132              		.cfi_startproc
 133              		@ args = 0, pretend = 0, frame = 120
 134              		@ frame_needed = 0, uses_anonymous_args = 0
 135              		.loc 1 74 1 is_stmt 0 view .LVU34
 136 0000 F0B5     		push	{r4, r5, r6, r7, lr}
 137              		.cfi_def_cfa_offset 20
 138              		.cfi_offset 4, -20
 139              		.cfi_offset 5, -16
 140              		.cfi_offset 6, -12
 141              		.cfi_offset 7, -8
 142              		.cfi_offset 14, -4
 143 0002 9FB0     		sub	sp, sp, #124
 144              		.cfi_def_cfa_offset 144
 145 0004 0446     		mov	r4, r0
  75:Core/Src/i2c.c **** 
  76:Core/Src/i2c.c ****   GPIO_InitTypeDef GPIO_InitStruct = {0};
 146              		.loc 1 76 3 is_stmt 1 view .LVU35
 147              		.loc 1 76 20 is_stmt 0 view .LVU36
 148 0006 0021     		movs	r1, #0
 149 0008 1991     		str	r1, [sp, #100]
 150 000a 1A91     		str	r1, [sp, #104]
 151 000c 1B91     		str	r1, [sp, #108]
 152 000e 1C91     		str	r1, [sp, #112]
ARM GAS  C:\Users\jacki\AppData\Local\Temp\cchtvJhb.s 			page 5


 153 0010 1D91     		str	r1, [sp, #116]
  77:Core/Src/i2c.c ****   RCC_PeriphCLKInitTypeDef PeriphClkInit = {0};
 154              		.loc 1 77 3 is_stmt 1 view .LVU37
 155              		.loc 1 77 28 is_stmt 0 view .LVU38
 156 0012 5422     		movs	r2, #84
 157 0014 04A8     		add	r0, sp, #16
 158              	.LVL7:
 159              		.loc 1 77 28 view .LVU39
 160 0016 FFF7FEFF 		bl	memset
 161              	.LVL8:
  78:Core/Src/i2c.c ****   if(i2cHandle->Instance==I2C1)
 162              		.loc 1 78 3 is_stmt 1 view .LVU40
 163              		.loc 1 78 15 is_stmt 0 view .LVU41
 164 001a 2268     		ldr	r2, [r4]
 165              		.loc 1 78 5 view .LVU42
 166 001c 224B     		ldr	r3, .L17
 167 001e 9A42     		cmp	r2, r3
 168 0020 01D0     		beq	.L15
 169              	.LVL9:
 170              	.L11:
  79:Core/Src/i2c.c ****   {
  80:Core/Src/i2c.c ****   /* USER CODE BEGIN I2C1_MspInit 0 */
  81:Core/Src/i2c.c **** 
  82:Core/Src/i2c.c ****   /* USER CODE END I2C1_MspInit 0 */
  83:Core/Src/i2c.c **** 
  84:Core/Src/i2c.c ****   /** Initializes the peripherals clocks
  85:Core/Src/i2c.c ****   */
  86:Core/Src/i2c.c ****     PeriphClkInit.PeriphClockSelection = RCC_PERIPHCLK_I2C1;
  87:Core/Src/i2c.c ****     PeriphClkInit.I2c1ClockSelection = RCC_I2C1CLKSOURCE_PCLK1;
  88:Core/Src/i2c.c ****     if (HAL_RCCEx_PeriphCLKConfig(&PeriphClkInit) != HAL_OK)
  89:Core/Src/i2c.c ****     {
  90:Core/Src/i2c.c ****       Error_Handler();
  91:Core/Src/i2c.c ****     }
  92:Core/Src/i2c.c **** 
  93:Core/Src/i2c.c ****     __HAL_RCC_GPIOA_CLK_ENABLE();
  94:Core/Src/i2c.c ****     __HAL_RCC_GPIOB_CLK_ENABLE();
  95:Core/Src/i2c.c ****     /**I2C1 GPIO Configuration
  96:Core/Src/i2c.c ****     PA15     ------> I2C1_SCL
  97:Core/Src/i2c.c ****     PB7     ------> I2C1_SDA
  98:Core/Src/i2c.c ****     */
  99:Core/Src/i2c.c ****     GPIO_InitStruct.Pin = GPIO_PIN_15;
 100:Core/Src/i2c.c ****     GPIO_InitStruct.Mode = GPIO_MODE_AF_OD;
 101:Core/Src/i2c.c ****     GPIO_InitStruct.Pull = GPIO_NOPULL;
 102:Core/Src/i2c.c ****     GPIO_InitStruct.Speed = GPIO_SPEED_FREQ_LOW;
 103:Core/Src/i2c.c ****     GPIO_InitStruct.Alternate = GPIO_AF4_I2C1;
 104:Core/Src/i2c.c ****     HAL_GPIO_Init(GPIOA, &GPIO_InitStruct);
 105:Core/Src/i2c.c **** 
 106:Core/Src/i2c.c ****     GPIO_InitStruct.Pin = GPIO_PIN_7;
 107:Core/Src/i2c.c ****     GPIO_InitStruct.Mode = GPIO_MODE_AF_OD;
 108:Core/Src/i2c.c ****     GPIO_InitStruct.Pull = GPIO_NOPULL;
 109:Core/Src/i2c.c ****     GPIO_InitStruct.Speed = GPIO_SPEED_FREQ_LOW;
 110:Core/Src/i2c.c ****     GPIO_InitStruct.Alternate = GPIO_AF4_I2C1;
 111:Core/Src/i2c.c ****     HAL_GPIO_Init(GPIOB, &GPIO_InitStruct);
 112:Core/Src/i2c.c **** 
 113:Core/Src/i2c.c ****     /* I2C1 clock enable */
 114:Core/Src/i2c.c ****     __HAL_RCC_I2C1_CLK_ENABLE();
 115:Core/Src/i2c.c ****   /* USER CODE BEGIN I2C1_MspInit 1 */
ARM GAS  C:\Users\jacki\AppData\Local\Temp\cchtvJhb.s 			page 6


 116:Core/Src/i2c.c **** 
 117:Core/Src/i2c.c ****   /* USER CODE END I2C1_MspInit 1 */
 118:Core/Src/i2c.c ****   }
 119:Core/Src/i2c.c **** }
 171              		.loc 1 119 1 view .LVU43
 172 0022 1FB0     		add	sp, sp, #124
 173              		.cfi_remember_state
 174              		.cfi_def_cfa_offset 20
 175              		@ sp needed
 176 0024 F0BD     		pop	{r4, r5, r6, r7, pc}
 177              	.LVL10:
 178              	.L15:
 179              		.cfi_restore_state
  86:Core/Src/i2c.c ****     PeriphClkInit.I2c1ClockSelection = RCC_I2C1CLKSOURCE_PCLK1;
 180              		.loc 1 86 5 is_stmt 1 view .LVU44
  86:Core/Src/i2c.c ****     PeriphClkInit.I2c1ClockSelection = RCC_I2C1CLKSOURCE_PCLK1;
 181              		.loc 1 86 40 is_stmt 0 view .LVU45
 182 0026 4023     		movs	r3, #64
 183 0028 0493     		str	r3, [sp, #16]
  87:Core/Src/i2c.c ****     if (HAL_RCCEx_PeriphCLKConfig(&PeriphClkInit) != HAL_OK)
 184              		.loc 1 87 5 is_stmt 1 view .LVU46
  88:Core/Src/i2c.c ****     {
 185              		.loc 1 88 5 view .LVU47
  88:Core/Src/i2c.c ****     {
 186              		.loc 1 88 9 is_stmt 0 view .LVU48
 187 002a 04A8     		add	r0, sp, #16
 188 002c FFF7FEFF 		bl	HAL_RCCEx_PeriphCLKConfig
 189              	.LVL11:
  88:Core/Src/i2c.c ****     {
 190              		.loc 1 88 8 view .LVU49
 191 0030 0028     		cmp	r0, #0
 192 0032 35D1     		bne	.L16
 193              	.L13:
  93:Core/Src/i2c.c ****     __HAL_RCC_GPIOB_CLK_ENABLE();
 194              		.loc 1 93 5 is_stmt 1 view .LVU50
 195              	.LBB2:
  93:Core/Src/i2c.c ****     __HAL_RCC_GPIOB_CLK_ENABLE();
 196              		.loc 1 93 5 view .LVU51
  93:Core/Src/i2c.c ****     __HAL_RCC_GPIOB_CLK_ENABLE();
 197              		.loc 1 93 5 view .LVU52
 198 0034 1D4C     		ldr	r4, .L17+4
 199              	.LVL12:
  93:Core/Src/i2c.c ****     __HAL_RCC_GPIOB_CLK_ENABLE();
 200              		.loc 1 93 5 is_stmt 0 view .LVU53
 201 0036 E36C     		ldr	r3, [r4, #76]
 202 0038 43F00103 		orr	r3, r3, #1
 203 003c E364     		str	r3, [r4, #76]
  93:Core/Src/i2c.c ****     __HAL_RCC_GPIOB_CLK_ENABLE();
 204              		.loc 1 93 5 is_stmt 1 view .LVU54
 205 003e E36C     		ldr	r3, [r4, #76]
 206 0040 03F00103 		and	r3, r3, #1
 207 0044 0193     		str	r3, [sp, #4]
  93:Core/Src/i2c.c ****     __HAL_RCC_GPIOB_CLK_ENABLE();
 208              		.loc 1 93 5 view .LVU55
 209 0046 019B     		ldr	r3, [sp, #4]
 210              	.LBE2:
  93:Core/Src/i2c.c ****     __HAL_RCC_GPIOB_CLK_ENABLE();
ARM GAS  C:\Users\jacki\AppData\Local\Temp\cchtvJhb.s 			page 7


 211              		.loc 1 93 5 view .LVU56
  94:Core/Src/i2c.c ****     /**I2C1 GPIO Configuration
 212              		.loc 1 94 5 view .LVU57
 213              	.LBB3:
  94:Core/Src/i2c.c ****     /**I2C1 GPIO Configuration
 214              		.loc 1 94 5 view .LVU58
  94:Core/Src/i2c.c ****     /**I2C1 GPIO Configuration
 215              		.loc 1 94 5 view .LVU59
 216 0048 E36C     		ldr	r3, [r4, #76]
 217 004a 43F00203 		orr	r3, r3, #2
 218 004e E364     		str	r3, [r4, #76]
  94:Core/Src/i2c.c ****     /**I2C1 GPIO Configuration
 219              		.loc 1 94 5 view .LVU60
 220 0050 E36C     		ldr	r3, [r4, #76]
 221 0052 03F00203 		and	r3, r3, #2
 222 0056 0293     		str	r3, [sp, #8]
  94:Core/Src/i2c.c ****     /**I2C1 GPIO Configuration
 223              		.loc 1 94 5 view .LVU61
 224 0058 029B     		ldr	r3, [sp, #8]
 225              	.LBE3:
  94:Core/Src/i2c.c ****     /**I2C1 GPIO Configuration
 226              		.loc 1 94 5 view .LVU62
  99:Core/Src/i2c.c ****     GPIO_InitStruct.Mode = GPIO_MODE_AF_OD;
 227              		.loc 1 99 5 view .LVU63
  99:Core/Src/i2c.c ****     GPIO_InitStruct.Mode = GPIO_MODE_AF_OD;
 228              		.loc 1 99 25 is_stmt 0 view .LVU64
 229 005a 4FF40043 		mov	r3, #32768
 230 005e 1993     		str	r3, [sp, #100]
 100:Core/Src/i2c.c ****     GPIO_InitStruct.Pull = GPIO_NOPULL;
 231              		.loc 1 100 5 is_stmt 1 view .LVU65
 100:Core/Src/i2c.c ****     GPIO_InitStruct.Pull = GPIO_NOPULL;
 232              		.loc 1 100 26 is_stmt 0 view .LVU66
 233 0060 1227     		movs	r7, #18
 234 0062 1A97     		str	r7, [sp, #104]
 101:Core/Src/i2c.c ****     GPIO_InitStruct.Speed = GPIO_SPEED_FREQ_LOW;
 235              		.loc 1 101 5 is_stmt 1 view .LVU67
 101:Core/Src/i2c.c ****     GPIO_InitStruct.Speed = GPIO_SPEED_FREQ_LOW;
 236              		.loc 1 101 26 is_stmt 0 view .LVU68
 237 0064 0025     		movs	r5, #0
 238 0066 1B95     		str	r5, [sp, #108]
 102:Core/Src/i2c.c ****     GPIO_InitStruct.Alternate = GPIO_AF4_I2C1;
 239              		.loc 1 102 5 is_stmt 1 view .LVU69
 102:Core/Src/i2c.c ****     GPIO_InitStruct.Alternate = GPIO_AF4_I2C1;
 240              		.loc 1 102 27 is_stmt 0 view .LVU70
 241 0068 1C95     		str	r5, [sp, #112]
 103:Core/Src/i2c.c ****     HAL_GPIO_Init(GPIOA, &GPIO_InitStruct);
 242              		.loc 1 103 5 is_stmt 1 view .LVU71
 103:Core/Src/i2c.c ****     HAL_GPIO_Init(GPIOA, &GPIO_InitStruct);
 243              		.loc 1 103 31 is_stmt 0 view .LVU72
 244 006a 0426     		movs	r6, #4
 245 006c 1D96     		str	r6, [sp, #116]
 104:Core/Src/i2c.c **** 
 246              		.loc 1 104 5 is_stmt 1 view .LVU73
 247 006e 19A9     		add	r1, sp, #100
 248 0070 4FF09040 		mov	r0, #1207959552
 249 0074 FFF7FEFF 		bl	HAL_GPIO_Init
 250              	.LVL13:
ARM GAS  C:\Users\jacki\AppData\Local\Temp\cchtvJhb.s 			page 8


 106:Core/Src/i2c.c ****     GPIO_InitStruct.Mode = GPIO_MODE_AF_OD;
 251              		.loc 1 106 5 view .LVU74
 106:Core/Src/i2c.c ****     GPIO_InitStruct.Mode = GPIO_MODE_AF_OD;
 252              		.loc 1 106 25 is_stmt 0 view .LVU75
 253 0078 8023     		movs	r3, #128
 254 007a 1993     		str	r3, [sp, #100]
 107:Core/Src/i2c.c ****     GPIO_InitStruct.Pull = GPIO_NOPULL;
 255              		.loc 1 107 5 is_stmt 1 view .LVU76
 107:Core/Src/i2c.c ****     GPIO_InitStruct.Pull = GPIO_NOPULL;
 256              		.loc 1 107 26 is_stmt 0 view .LVU77
 257 007c 1A97     		str	r7, [sp, #104]
 108:Core/Src/i2c.c ****     GPIO_InitStruct.Speed = GPIO_SPEED_FREQ_LOW;
 258              		.loc 1 108 5 is_stmt 1 view .LVU78
 108:Core/Src/i2c.c ****     GPIO_InitStruct.Speed = GPIO_SPEED_FREQ_LOW;
 259              		.loc 1 108 26 is_stmt 0 view .LVU79
 260 007e 1B95     		str	r5, [sp, #108]
 109:Core/Src/i2c.c ****     GPIO_InitStruct.Alternate = GPIO_AF4_I2C1;
 261              		.loc 1 109 5 is_stmt 1 view .LVU80
 109:Core/Src/i2c.c ****     GPIO_InitStruct.Alternate = GPIO_AF4_I2C1;
 262              		.loc 1 109 27 is_stmt 0 view .LVU81
 263 0080 1C95     		str	r5, [sp, #112]
 110:Core/Src/i2c.c ****     HAL_GPIO_Init(GPIOB, &GPIO_InitStruct);
 264              		.loc 1 110 5 is_stmt 1 view .LVU82
 110:Core/Src/i2c.c ****     HAL_GPIO_Init(GPIOB, &GPIO_InitStruct);
 265              		.loc 1 110 31 is_stmt 0 view .LVU83
 266 0082 1D96     		str	r6, [sp, #116]
 111:Core/Src/i2c.c **** 
 267              		.loc 1 111 5 is_stmt 1 view .LVU84
 268 0084 19A9     		add	r1, sp, #100
 269 0086 0A48     		ldr	r0, .L17+8
 270 0088 FFF7FEFF 		bl	HAL_GPIO_Init
 271              	.LVL14:
 114:Core/Src/i2c.c ****   /* USER CODE BEGIN I2C1_MspInit 1 */
 272              		.loc 1 114 5 view .LVU85
 273              	.LBB4:
 114:Core/Src/i2c.c ****   /* USER CODE BEGIN I2C1_MspInit 1 */
 274              		.loc 1 114 5 view .LVU86
 114:Core/Src/i2c.c ****   /* USER CODE BEGIN I2C1_MspInit 1 */
 275              		.loc 1 114 5 view .LVU87
 276 008c A36D     		ldr	r3, [r4, #88]
 277 008e 43F40013 		orr	r3, r3, #2097152
 278 0092 A365     		str	r3, [r4, #88]
 114:Core/Src/i2c.c ****   /* USER CODE BEGIN I2C1_MspInit 1 */
 279              		.loc 1 114 5 view .LVU88
 280 0094 A36D     		ldr	r3, [r4, #88]
 281 0096 03F40013 		and	r3, r3, #2097152
 282 009a 0393     		str	r3, [sp, #12]
 114:Core/Src/i2c.c ****   /* USER CODE BEGIN I2C1_MspInit 1 */
 283              		.loc 1 114 5 view .LVU89
 284 009c 039B     		ldr	r3, [sp, #12]
 285              	.LBE4:
 114:Core/Src/i2c.c ****   /* USER CODE BEGIN I2C1_MspInit 1 */
 286              		.loc 1 114 5 view .LVU90
 287              		.loc 1 119 1 is_stmt 0 view .LVU91
 288 009e C0E7     		b	.L11
 289              	.LVL15:
 290              	.L16:
ARM GAS  C:\Users\jacki\AppData\Local\Temp\cchtvJhb.s 			page 9


  90:Core/Src/i2c.c ****     }
 291              		.loc 1 90 7 is_stmt 1 view .LVU92
 292 00a0 FFF7FEFF 		bl	Error_Handler
 293              	.LVL16:
 294 00a4 C6E7     		b	.L13
 295              	.L18:
 296 00a6 00BF     		.align	2
 297              	.L17:
 298 00a8 00540040 		.word	1073763328
 299 00ac 00100240 		.word	1073876992
 300 00b0 00040048 		.word	1207960576
 301              		.cfi_endproc
 302              	.LFE133:
 304              		.section	.text.HAL_I2C_MspDeInit,"ax",%progbits
 305              		.align	1
 306              		.global	HAL_I2C_MspDeInit
 307              		.syntax unified
 308              		.thumb
 309              		.thumb_func
 311              	HAL_I2C_MspDeInit:
 312              	.LVL17:
 313              	.LFB134:
 120:Core/Src/i2c.c **** 
 121:Core/Src/i2c.c **** void HAL_I2C_MspDeInit(I2C_HandleTypeDef* i2cHandle)
 122:Core/Src/i2c.c **** {
 314              		.loc 1 122 1 view -0
 315              		.cfi_startproc
 316              		@ args = 0, pretend = 0, frame = 0
 317              		@ frame_needed = 0, uses_anonymous_args = 0
 318              		.loc 1 122 1 is_stmt 0 view .LVU94
 319 0000 08B5     		push	{r3, lr}
 320              		.cfi_def_cfa_offset 8
 321              		.cfi_offset 3, -8
 322              		.cfi_offset 14, -4
 123:Core/Src/i2c.c **** 
 124:Core/Src/i2c.c ****   if(i2cHandle->Instance==I2C1)
 323              		.loc 1 124 3 is_stmt 1 view .LVU95
 324              		.loc 1 124 15 is_stmt 0 view .LVU96
 325 0002 0268     		ldr	r2, [r0]
 326              		.loc 1 124 5 view .LVU97
 327 0004 094B     		ldr	r3, .L23
 328 0006 9A42     		cmp	r2, r3
 329 0008 00D0     		beq	.L22
 330              	.LVL18:
 331              	.L19:
 125:Core/Src/i2c.c ****   {
 126:Core/Src/i2c.c ****   /* USER CODE BEGIN I2C1_MspDeInit 0 */
 127:Core/Src/i2c.c **** 
 128:Core/Src/i2c.c ****   /* USER CODE END I2C1_MspDeInit 0 */
 129:Core/Src/i2c.c ****     /* Peripheral clock disable */
 130:Core/Src/i2c.c ****     __HAL_RCC_I2C1_CLK_DISABLE();
 131:Core/Src/i2c.c **** 
 132:Core/Src/i2c.c ****     /**I2C1 GPIO Configuration
 133:Core/Src/i2c.c ****     PA15     ------> I2C1_SCL
 134:Core/Src/i2c.c ****     PB7     ------> I2C1_SDA
 135:Core/Src/i2c.c ****     */
 136:Core/Src/i2c.c ****     HAL_GPIO_DeInit(GPIOA, GPIO_PIN_15);
ARM GAS  C:\Users\jacki\AppData\Local\Temp\cchtvJhb.s 			page 10


 137:Core/Src/i2c.c **** 
 138:Core/Src/i2c.c ****     HAL_GPIO_DeInit(GPIOB, GPIO_PIN_7);
 139:Core/Src/i2c.c **** 
 140:Core/Src/i2c.c ****   /* USER CODE BEGIN I2C1_MspDeInit 1 */
 141:Core/Src/i2c.c **** 
 142:Core/Src/i2c.c ****   /* USER CODE END I2C1_MspDeInit 1 */
 143:Core/Src/i2c.c ****   }
 144:Core/Src/i2c.c **** }
 332              		.loc 1 144 1 view .LVU98
 333 000a 08BD     		pop	{r3, pc}
 334              	.LVL19:
 335              	.L22:
 130:Core/Src/i2c.c **** 
 336              		.loc 1 130 5 is_stmt 1 view .LVU99
 337 000c 084A     		ldr	r2, .L23+4
 338 000e 936D     		ldr	r3, [r2, #88]
 339 0010 23F40013 		bic	r3, r3, #2097152
 340 0014 9365     		str	r3, [r2, #88]
 136:Core/Src/i2c.c **** 
 341              		.loc 1 136 5 view .LVU100
 342 0016 4FF40041 		mov	r1, #32768
 343 001a 4FF09040 		mov	r0, #1207959552
 344              	.LVL20:
 136:Core/Src/i2c.c **** 
 345              		.loc 1 136 5 is_stmt 0 view .LVU101
 346 001e FFF7FEFF 		bl	HAL_GPIO_DeInit
 347              	.LVL21:
 138:Core/Src/i2c.c **** 
 348              		.loc 1 138 5 is_stmt 1 view .LVU102
 349 0022 8021     		movs	r1, #128
 350 0024 0348     		ldr	r0, .L23+8
 351 0026 FFF7FEFF 		bl	HAL_GPIO_DeInit
 352              	.LVL22:
 353              		.loc 1 144 1 is_stmt 0 view .LVU103
 354 002a EEE7     		b	.L19
 355              	.L24:
 356              		.align	2
 357              	.L23:
 358 002c 00540040 		.word	1073763328
 359 0030 00100240 		.word	1073876992
 360 0034 00040048 		.word	1207960576
 361              		.cfi_endproc
 362              	.LFE134:
 364              		.global	hi2c1
 365              		.section	.bss.hi2c1,"aw",%nobits
 366              		.align	2
 367              		.set	.LANCHOR0,. + 0
 370              	hi2c1:
 371 0000 00000000 		.space	76
 371      00000000 
 371      00000000 
 371      00000000 
 371      00000000 
 372              		.text
 373              	.Letext0:
 374              		.file 2 "c:\\users\\jacki\\appdata\\roaming\\code\\user\\globalstorage\\bmd.stm32-for-vscode\\@xpa
 375              		.file 3 "c:\\users\\jacki\\appdata\\roaming\\code\\user\\globalstorage\\bmd.stm32-for-vscode\\@xpa
ARM GAS  C:\Users\jacki\AppData\Local\Temp\cchtvJhb.s 			page 11


 376              		.file 4 "Drivers/CMSIS/Device/ST/STM32G4xx/Include/stm32g474xx.h"
 377              		.file 5 "Drivers/STM32G4xx_HAL_Driver/Inc/stm32g4xx_hal_def.h"
 378              		.file 6 "Drivers/STM32G4xx_HAL_Driver/Inc/stm32g4xx_hal_rcc_ex.h"
 379              		.file 7 "Drivers/STM32G4xx_HAL_Driver/Inc/stm32g4xx_hal_gpio.h"
 380              		.file 8 "Drivers/STM32G4xx_HAL_Driver/Inc/stm32g4xx_hal_dma.h"
 381              		.file 9 "Drivers/STM32G4xx_HAL_Driver/Inc/stm32g4xx_hal_i2c.h"
 382              		.file 10 "Drivers/STM32G4xx_HAL_Driver/Inc/stm32g4xx_hal_i2c_ex.h"
 383              		.file 11 "Core/Inc/i2c.h"
 384              		.file 12 "Core/Inc/main.h"
 385              		.file 13 "<built-in>"
ARM GAS  C:\Users\jacki\AppData\Local\Temp\cchtvJhb.s 			page 12


DEFINED SYMBOLS
                            *ABS*:0000000000000000 i2c.c
C:\Users\jacki\AppData\Local\Temp\cchtvJhb.s:20     .text.MX_I2C1_Init:0000000000000000 $t
C:\Users\jacki\AppData\Local\Temp\cchtvJhb.s:26     .text.MX_I2C1_Init:0000000000000000 MX_I2C1_Init
C:\Users\jacki\AppData\Local\Temp\cchtvJhb.s:115    .text.MX_I2C1_Init:000000000000004c $d
C:\Users\jacki\AppData\Local\Temp\cchtvJhb.s:122    .text.HAL_I2C_MspInit:0000000000000000 $t
C:\Users\jacki\AppData\Local\Temp\cchtvJhb.s:128    .text.HAL_I2C_MspInit:0000000000000000 HAL_I2C_MspInit
C:\Users\jacki\AppData\Local\Temp\cchtvJhb.s:298    .text.HAL_I2C_MspInit:00000000000000a8 $d
C:\Users\jacki\AppData\Local\Temp\cchtvJhb.s:305    .text.HAL_I2C_MspDeInit:0000000000000000 $t
C:\Users\jacki\AppData\Local\Temp\cchtvJhb.s:311    .text.HAL_I2C_MspDeInit:0000000000000000 HAL_I2C_MspDeInit
C:\Users\jacki\AppData\Local\Temp\cchtvJhb.s:358    .text.HAL_I2C_MspDeInit:000000000000002c $d
C:\Users\jacki\AppData\Local\Temp\cchtvJhb.s:370    .bss.hi2c1:0000000000000000 hi2c1
C:\Users\jacki\AppData\Local\Temp\cchtvJhb.s:366    .bss.hi2c1:0000000000000000 $d

UNDEFINED SYMBOLS
HAL_I2C_Init
HAL_I2CEx_ConfigAnalogFilter
HAL_I2CEx_ConfigDigitalFilter
Error_Handler
memset
HAL_RCCEx_PeriphCLKConfig
HAL_GPIO_Init
HAL_GPIO_DeInit
