ARM GAS  C:\Users\jacki\AppData\Local\Temp\cc5ipj3f.s 			page 1


   1              		.cpu cortex-m4
   2              		.arch armv7e-m
   3              		.fpu fpv4-sp-d16
   4              		.eabi_attribute 27, 1
   5              		.eabi_attribute 28, 1
   6              		.eabi_attribute 20, 1
   7              		.eabi_attribute 21, 1
   8              		.eabi_attribute 23, 3
   9              		.eabi_attribute 24, 1
  10              		.eabi_attribute 25, 1
  11              		.eabi_attribute 26, 1
  12              		.eabi_attribute 30, 1
  13              		.eabi_attribute 34, 1
  14              		.eabi_attribute 18, 4
  15              		.file	"tim.c"
  16              		.text
  17              	.Ltext0:
  18              		.cfi_sections	.debug_frame
  19              		.section	.text.HAL_TIM_PWM_MspInit,"ax",%progbits
  20              		.align	1
  21              		.global	HAL_TIM_PWM_MspInit
  22              		.syntax unified
  23              		.thumb
  24              		.thumb_func
  26              	HAL_TIM_PWM_MspInit:
  27              	.LVL0:
  28              	.LFB134:
  29              		.file 1 "Core/Src/tim.c"
   1:Core/Src/tim.c **** /* USER CODE BEGIN Header */
   2:Core/Src/tim.c **** /**
   3:Core/Src/tim.c ****   ******************************************************************************
   4:Core/Src/tim.c ****   * @file    tim.c
   5:Core/Src/tim.c ****   * @brief   This file provides code for the configuration
   6:Core/Src/tim.c ****   *          of the TIM instances.
   7:Core/Src/tim.c ****   ******************************************************************************
   8:Core/Src/tim.c ****   * @attention
   9:Core/Src/tim.c ****   *
  10:Core/Src/tim.c ****   * Copyright (c) 2023 STMicroelectronics.
  11:Core/Src/tim.c ****   * All rights reserved.
  12:Core/Src/tim.c ****   *
  13:Core/Src/tim.c ****   * This software is licensed under terms that can be found in the LICENSE file
  14:Core/Src/tim.c ****   * in the root directory of this software component.
  15:Core/Src/tim.c ****   * If no LICENSE file comes with this software, it is provided AS-IS.
  16:Core/Src/tim.c ****   *
  17:Core/Src/tim.c ****   ******************************************************************************
  18:Core/Src/tim.c ****   */
  19:Core/Src/tim.c **** /* USER CODE END Header */
  20:Core/Src/tim.c **** /* Includes ------------------------------------------------------------------*/
  21:Core/Src/tim.c **** #include "tim.h"
  22:Core/Src/tim.c **** 
  23:Core/Src/tim.c **** /* USER CODE BEGIN 0 */
  24:Core/Src/tim.c **** 
  25:Core/Src/tim.c **** /* USER CODE END 0 */
  26:Core/Src/tim.c **** 
  27:Core/Src/tim.c **** TIM_HandleTypeDef htim2;
  28:Core/Src/tim.c **** TIM_HandleTypeDef htim3;
  29:Core/Src/tim.c **** 
ARM GAS  C:\Users\jacki\AppData\Local\Temp\cc5ipj3f.s 			page 2


  30:Core/Src/tim.c **** /* TIM2 init function */
  31:Core/Src/tim.c **** void MX_TIM2_Init(void)
  32:Core/Src/tim.c **** {
  33:Core/Src/tim.c **** 
  34:Core/Src/tim.c ****   /* USER CODE BEGIN TIM2_Init 0 */
  35:Core/Src/tim.c **** 
  36:Core/Src/tim.c ****   /* USER CODE END TIM2_Init 0 */
  37:Core/Src/tim.c **** 
  38:Core/Src/tim.c ****   TIM_MasterConfigTypeDef sMasterConfig = {0};
  39:Core/Src/tim.c ****   TIM_OC_InitTypeDef sConfigOC = {0};
  40:Core/Src/tim.c **** 
  41:Core/Src/tim.c ****   /* USER CODE BEGIN TIM2_Init 1 */
  42:Core/Src/tim.c **** 
  43:Core/Src/tim.c ****   /* USER CODE END TIM2_Init 1 */
  44:Core/Src/tim.c ****   htim2.Instance = TIM2;
  45:Core/Src/tim.c ****   htim2.Init.Prescaler = 0;
  46:Core/Src/tim.c ****   htim2.Init.CounterMode = TIM_COUNTERMODE_UP;
  47:Core/Src/tim.c ****   htim2.Init.Period = 16999;
  48:Core/Src/tim.c ****   htim2.Init.ClockDivision = TIM_CLOCKDIVISION_DIV1;
  49:Core/Src/tim.c ****   htim2.Init.AutoReloadPreload = TIM_AUTORELOAD_PRELOAD_DISABLE;
  50:Core/Src/tim.c ****   if (HAL_TIM_PWM_Init(&htim2) != HAL_OK)
  51:Core/Src/tim.c ****   {
  52:Core/Src/tim.c ****     Error_Handler();
  53:Core/Src/tim.c ****   }
  54:Core/Src/tim.c ****   sMasterConfig.MasterOutputTrigger = TIM_TRGO_RESET;
  55:Core/Src/tim.c ****   sMasterConfig.MasterSlaveMode = TIM_MASTERSLAVEMODE_DISABLE;
  56:Core/Src/tim.c ****   if (HAL_TIMEx_MasterConfigSynchronization(&htim2, &sMasterConfig) != HAL_OK)
  57:Core/Src/tim.c ****   {
  58:Core/Src/tim.c ****     Error_Handler();
  59:Core/Src/tim.c ****   }
  60:Core/Src/tim.c ****   sConfigOC.OCMode = TIM_OCMODE_PWM1;
  61:Core/Src/tim.c ****   sConfigOC.Pulse = 0;
  62:Core/Src/tim.c ****   sConfigOC.OCPolarity = TIM_OCPOLARITY_HIGH;
  63:Core/Src/tim.c ****   sConfigOC.OCFastMode = TIM_OCFAST_DISABLE;
  64:Core/Src/tim.c ****   if (HAL_TIM_PWM_ConfigChannel(&htim2, &sConfigOC, TIM_CHANNEL_1) != HAL_OK)
  65:Core/Src/tim.c ****   {
  66:Core/Src/tim.c ****     Error_Handler();
  67:Core/Src/tim.c ****   }
  68:Core/Src/tim.c ****   if (HAL_TIM_PWM_ConfigChannel(&htim2, &sConfigOC, TIM_CHANNEL_2) != HAL_OK)
  69:Core/Src/tim.c ****   {
  70:Core/Src/tim.c ****     Error_Handler();
  71:Core/Src/tim.c ****   }
  72:Core/Src/tim.c ****   if (HAL_TIM_PWM_ConfigChannel(&htim2, &sConfigOC, TIM_CHANNEL_3) != HAL_OK)
  73:Core/Src/tim.c ****   {
  74:Core/Src/tim.c ****     Error_Handler();
  75:Core/Src/tim.c ****   }
  76:Core/Src/tim.c ****   if (HAL_TIM_PWM_ConfigChannel(&htim2, &sConfigOC, TIM_CHANNEL_4) != HAL_OK)
  77:Core/Src/tim.c ****   {
  78:Core/Src/tim.c ****     Error_Handler();
  79:Core/Src/tim.c ****   }
  80:Core/Src/tim.c ****   /* USER CODE BEGIN TIM2_Init 2 */
  81:Core/Src/tim.c **** 
  82:Core/Src/tim.c ****   /* USER CODE END TIM2_Init 2 */
  83:Core/Src/tim.c ****   HAL_TIM_MspPostInit(&htim2);
  84:Core/Src/tim.c **** 
  85:Core/Src/tim.c **** }
  86:Core/Src/tim.c **** /* TIM3 init function */
ARM GAS  C:\Users\jacki\AppData\Local\Temp\cc5ipj3f.s 			page 3


  87:Core/Src/tim.c **** void MX_TIM3_Init(void)
  88:Core/Src/tim.c **** {
  89:Core/Src/tim.c **** 
  90:Core/Src/tim.c ****   /* USER CODE BEGIN TIM3_Init 0 */
  91:Core/Src/tim.c **** 
  92:Core/Src/tim.c ****   /* USER CODE END TIM3_Init 0 */
  93:Core/Src/tim.c **** 
  94:Core/Src/tim.c ****   TIM_ClockConfigTypeDef sClockSourceConfig = {0};
  95:Core/Src/tim.c ****   TIM_MasterConfigTypeDef sMasterConfig = {0};
  96:Core/Src/tim.c ****   TIM_OC_InitTypeDef sConfigOC = {0};
  97:Core/Src/tim.c **** 
  98:Core/Src/tim.c ****   /* USER CODE BEGIN TIM3_Init 1 */
  99:Core/Src/tim.c **** 
 100:Core/Src/tim.c ****   /* USER CODE END TIM3_Init 1 */
 101:Core/Src/tim.c ****   htim3.Instance = TIM3;
 102:Core/Src/tim.c ****   htim3.Init.Prescaler = 85-1;
 103:Core/Src/tim.c ****   htim3.Init.CounterMode = TIM_COUNTERMODE_UP;
 104:Core/Src/tim.c ****   htim3.Init.Period = 39999;
 105:Core/Src/tim.c ****   htim3.Init.ClockDivision = TIM_CLOCKDIVISION_DIV1;
 106:Core/Src/tim.c ****   htim3.Init.AutoReloadPreload = TIM_AUTORELOAD_PRELOAD_DISABLE;
 107:Core/Src/tim.c ****   if (HAL_TIM_Base_Init(&htim3) != HAL_OK)
 108:Core/Src/tim.c ****   {
 109:Core/Src/tim.c ****     Error_Handler();
 110:Core/Src/tim.c ****   }
 111:Core/Src/tim.c ****   sClockSourceConfig.ClockSource = TIM_CLOCKSOURCE_INTERNAL;
 112:Core/Src/tim.c ****   if (HAL_TIM_ConfigClockSource(&htim3, &sClockSourceConfig) != HAL_OK)
 113:Core/Src/tim.c ****   {
 114:Core/Src/tim.c ****     Error_Handler();
 115:Core/Src/tim.c ****   }
 116:Core/Src/tim.c ****   if (HAL_TIM_PWM_Init(&htim3) != HAL_OK)
 117:Core/Src/tim.c ****   {
 118:Core/Src/tim.c ****     Error_Handler();
 119:Core/Src/tim.c ****   }
 120:Core/Src/tim.c ****   sMasterConfig.MasterOutputTrigger = TIM_TRGO_RESET;
 121:Core/Src/tim.c ****   sMasterConfig.MasterSlaveMode = TIM_MASTERSLAVEMODE_DISABLE;
 122:Core/Src/tim.c ****   if (HAL_TIMEx_MasterConfigSynchronization(&htim3, &sMasterConfig) != HAL_OK)
 123:Core/Src/tim.c ****   {
 124:Core/Src/tim.c ****     Error_Handler();
 125:Core/Src/tim.c ****   }
 126:Core/Src/tim.c ****   sConfigOC.OCMode = TIM_OCMODE_PWM1;
 127:Core/Src/tim.c ****   sConfigOC.Pulse = 0;
 128:Core/Src/tim.c ****   sConfigOC.OCPolarity = TIM_OCPOLARITY_HIGH;
 129:Core/Src/tim.c ****   sConfigOC.OCFastMode = TIM_OCFAST_DISABLE;
 130:Core/Src/tim.c ****   if (HAL_TIM_PWM_ConfigChannel(&htim3, &sConfigOC, TIM_CHANNEL_1) != HAL_OK)
 131:Core/Src/tim.c ****   {
 132:Core/Src/tim.c ****     Error_Handler();
 133:Core/Src/tim.c ****   }
 134:Core/Src/tim.c ****   /* USER CODE BEGIN TIM3_Init 2 */
 135:Core/Src/tim.c **** 
 136:Core/Src/tim.c ****   /* USER CODE END TIM3_Init 2 */
 137:Core/Src/tim.c ****   HAL_TIM_MspPostInit(&htim3);
 138:Core/Src/tim.c **** 
 139:Core/Src/tim.c **** }
 140:Core/Src/tim.c **** 
 141:Core/Src/tim.c **** void HAL_TIM_PWM_MspInit(TIM_HandleTypeDef* tim_pwmHandle)
 142:Core/Src/tim.c **** {
  30              		.loc 1 142 1 view -0
ARM GAS  C:\Users\jacki\AppData\Local\Temp\cc5ipj3f.s 			page 4


  31              		.cfi_startproc
  32              		@ args = 0, pretend = 0, frame = 8
  33              		@ frame_needed = 0, uses_anonymous_args = 0
  34              		@ link register save eliminated.
 143:Core/Src/tim.c **** 
 144:Core/Src/tim.c ****   if(tim_pwmHandle->Instance==TIM2)
  35              		.loc 1 144 3 view .LVU1
  36              		.loc 1 144 19 is_stmt 0 view .LVU2
  37 0000 0368     		ldr	r3, [r0]
  38              		.loc 1 144 5 view .LVU3
  39 0002 B3F1804F 		cmp	r3, #1073741824
  40 0006 00D0     		beq	.L7
  41 0008 7047     		bx	lr
  42              	.L7:
 142:Core/Src/tim.c **** 
  43              		.loc 1 142 1 view .LVU4
  44 000a 82B0     		sub	sp, sp, #8
  45              		.cfi_def_cfa_offset 8
 145:Core/Src/tim.c ****   {
 146:Core/Src/tim.c ****   /* USER CODE BEGIN TIM2_MspInit 0 */
 147:Core/Src/tim.c **** 
 148:Core/Src/tim.c ****   /* USER CODE END TIM2_MspInit 0 */
 149:Core/Src/tim.c ****     /* TIM2 clock enable */
 150:Core/Src/tim.c ****     __HAL_RCC_TIM2_CLK_ENABLE();
  46              		.loc 1 150 5 is_stmt 1 view .LVU5
  47              	.LBB2:
  48              		.loc 1 150 5 view .LVU6
  49              		.loc 1 150 5 view .LVU7
  50 000c 03F50433 		add	r3, r3, #135168
  51 0010 9A6D     		ldr	r2, [r3, #88]
  52 0012 42F00102 		orr	r2, r2, #1
  53 0016 9A65     		str	r2, [r3, #88]
  54              		.loc 1 150 5 view .LVU8
  55 0018 9B6D     		ldr	r3, [r3, #88]
  56 001a 03F00103 		and	r3, r3, #1
  57 001e 0193     		str	r3, [sp, #4]
  58              		.loc 1 150 5 view .LVU9
  59 0020 019B     		ldr	r3, [sp, #4]
  60              	.LBE2:
  61              		.loc 1 150 5 view .LVU10
 151:Core/Src/tim.c ****   /* USER CODE BEGIN TIM2_MspInit 1 */
 152:Core/Src/tim.c **** 
 153:Core/Src/tim.c ****   /* USER CODE END TIM2_MspInit 1 */
 154:Core/Src/tim.c ****   }
 155:Core/Src/tim.c **** }
  62              		.loc 1 155 1 is_stmt 0 view .LVU11
  63 0022 02B0     		add	sp, sp, #8
  64              		.cfi_def_cfa_offset 0
  65              		@ sp needed
  66 0024 7047     		bx	lr
  67              		.cfi_endproc
  68              	.LFE134:
  70              		.section	.text.HAL_TIM_Base_MspInit,"ax",%progbits
  71              		.align	1
  72              		.global	HAL_TIM_Base_MspInit
  73              		.syntax unified
  74              		.thumb
ARM GAS  C:\Users\jacki\AppData\Local\Temp\cc5ipj3f.s 			page 5


  75              		.thumb_func
  77              	HAL_TIM_Base_MspInit:
  78              	.LVL1:
  79              	.LFB135:
 156:Core/Src/tim.c **** 
 157:Core/Src/tim.c **** void HAL_TIM_Base_MspInit(TIM_HandleTypeDef* tim_baseHandle)
 158:Core/Src/tim.c **** {
  80              		.loc 1 158 1 is_stmt 1 view -0
  81              		.cfi_startproc
  82              		@ args = 0, pretend = 0, frame = 8
  83              		@ frame_needed = 0, uses_anonymous_args = 0
  84              		@ link register save eliminated.
 159:Core/Src/tim.c **** 
 160:Core/Src/tim.c ****   if(tim_baseHandle->Instance==TIM3)
  85              		.loc 1 160 3 view .LVU13
  86              		.loc 1 160 20 is_stmt 0 view .LVU14
  87 0000 0268     		ldr	r2, [r0]
  88              		.loc 1 160 5 view .LVU15
  89 0002 094B     		ldr	r3, .L15
  90 0004 9A42     		cmp	r2, r3
  91 0006 00D0     		beq	.L14
  92 0008 7047     		bx	lr
  93              	.L14:
 158:Core/Src/tim.c **** 
  94              		.loc 1 158 1 view .LVU16
  95 000a 82B0     		sub	sp, sp, #8
  96              		.cfi_def_cfa_offset 8
 161:Core/Src/tim.c ****   {
 162:Core/Src/tim.c ****   /* USER CODE BEGIN TIM3_MspInit 0 */
 163:Core/Src/tim.c **** 
 164:Core/Src/tim.c ****   /* USER CODE END TIM3_MspInit 0 */
 165:Core/Src/tim.c ****     /* TIM3 clock enable */
 166:Core/Src/tim.c ****     __HAL_RCC_TIM3_CLK_ENABLE();
  97              		.loc 1 166 5 is_stmt 1 view .LVU17
  98              	.LBB3:
  99              		.loc 1 166 5 view .LVU18
 100              		.loc 1 166 5 view .LVU19
 101 000c 03F50333 		add	r3, r3, #134144
 102 0010 9A6D     		ldr	r2, [r3, #88]
 103 0012 42F00202 		orr	r2, r2, #2
 104 0016 9A65     		str	r2, [r3, #88]
 105              		.loc 1 166 5 view .LVU20
 106 0018 9B6D     		ldr	r3, [r3, #88]
 107 001a 03F00203 		and	r3, r3, #2
 108 001e 0193     		str	r3, [sp, #4]
 109              		.loc 1 166 5 view .LVU21
 110 0020 019B     		ldr	r3, [sp, #4]
 111              	.LBE3:
 112              		.loc 1 166 5 view .LVU22
 167:Core/Src/tim.c ****   /* USER CODE BEGIN TIM3_MspInit 1 */
 168:Core/Src/tim.c **** 
 169:Core/Src/tim.c ****   /* USER CODE END TIM3_MspInit 1 */
 170:Core/Src/tim.c ****   }
 171:Core/Src/tim.c **** }
 113              		.loc 1 171 1 is_stmt 0 view .LVU23
 114 0022 02B0     		add	sp, sp, #8
 115              		.cfi_def_cfa_offset 0
ARM GAS  C:\Users\jacki\AppData\Local\Temp\cc5ipj3f.s 			page 6


 116              		@ sp needed
 117 0024 7047     		bx	lr
 118              	.L16:
 119 0026 00BF     		.align	2
 120              	.L15:
 121 0028 00040040 		.word	1073742848
 122              		.cfi_endproc
 123              	.LFE135:
 125              		.section	.text.HAL_TIM_MspPostInit,"ax",%progbits
 126              		.align	1
 127              		.global	HAL_TIM_MspPostInit
 128              		.syntax unified
 129              		.thumb
 130              		.thumb_func
 132              	HAL_TIM_MspPostInit:
 133              	.LVL2:
 134              	.LFB136:
 172:Core/Src/tim.c **** void HAL_TIM_MspPostInit(TIM_HandleTypeDef* timHandle)
 173:Core/Src/tim.c **** {
 135              		.loc 1 173 1 is_stmt 1 view -0
 136              		.cfi_startproc
 137              		@ args = 0, pretend = 0, frame = 32
 138              		@ frame_needed = 0, uses_anonymous_args = 0
 139              		.loc 1 173 1 is_stmt 0 view .LVU25
 140 0000 30B5     		push	{r4, r5, lr}
 141              		.cfi_def_cfa_offset 12
 142              		.cfi_offset 4, -12
 143              		.cfi_offset 5, -8
 144              		.cfi_offset 14, -4
 145 0002 89B0     		sub	sp, sp, #36
 146              		.cfi_def_cfa_offset 48
 174:Core/Src/tim.c **** 
 175:Core/Src/tim.c ****   GPIO_InitTypeDef GPIO_InitStruct = {0};
 147              		.loc 1 175 3 is_stmt 1 view .LVU26
 148              		.loc 1 175 20 is_stmt 0 view .LVU27
 149 0004 0023     		movs	r3, #0
 150 0006 0393     		str	r3, [sp, #12]
 151 0008 0493     		str	r3, [sp, #16]
 152 000a 0593     		str	r3, [sp, #20]
 153 000c 0693     		str	r3, [sp, #24]
 154 000e 0793     		str	r3, [sp, #28]
 176:Core/Src/tim.c ****   if(timHandle->Instance==TIM2)
 155              		.loc 1 176 3 is_stmt 1 view .LVU28
 156              		.loc 1 176 15 is_stmt 0 view .LVU29
 157 0010 0368     		ldr	r3, [r0]
 158              		.loc 1 176 5 view .LVU30
 159 0012 B3F1804F 		cmp	r3, #1073741824
 160 0016 04D0     		beq	.L21
 177:Core/Src/tim.c ****   {
 178:Core/Src/tim.c ****   /* USER CODE BEGIN TIM2_MspPostInit 0 */
 179:Core/Src/tim.c **** 
 180:Core/Src/tim.c ****   /* USER CODE END TIM2_MspPostInit 0 */
 181:Core/Src/tim.c ****     __HAL_RCC_GPIOA_CLK_ENABLE();
 182:Core/Src/tim.c ****     __HAL_RCC_GPIOB_CLK_ENABLE();
 183:Core/Src/tim.c ****     /**TIM2 GPIO Configuration
 184:Core/Src/tim.c ****     PA0     ------> TIM2_CH1
 185:Core/Src/tim.c ****     PA1     ------> TIM2_CH2
ARM GAS  C:\Users\jacki\AppData\Local\Temp\cc5ipj3f.s 			page 7


 186:Core/Src/tim.c ****     PB10     ------> TIM2_CH3
 187:Core/Src/tim.c ****     PB11     ------> TIM2_CH4
 188:Core/Src/tim.c ****     */
 189:Core/Src/tim.c ****     GPIO_InitStruct.Pin = BAY_MOTOR1_Pin|BAY_MOTOR2_Pin;
 190:Core/Src/tim.c ****     GPIO_InitStruct.Mode = GPIO_MODE_AF_PP;
 191:Core/Src/tim.c ****     GPIO_InitStruct.Pull = GPIO_NOPULL;
 192:Core/Src/tim.c ****     GPIO_InitStruct.Speed = GPIO_SPEED_FREQ_LOW;
 193:Core/Src/tim.c ****     GPIO_InitStruct.Alternate = GPIO_AF1_TIM2;
 194:Core/Src/tim.c ****     HAL_GPIO_Init(GPIOA, &GPIO_InitStruct);
 195:Core/Src/tim.c **** 
 196:Core/Src/tim.c ****     GPIO_InitStruct.Pin = ARM_MOTOR1_Pin|ARM_MOTOR2_Pin;
 197:Core/Src/tim.c ****     GPIO_InitStruct.Mode = GPIO_MODE_AF_PP;
 198:Core/Src/tim.c ****     GPIO_InitStruct.Pull = GPIO_NOPULL;
 199:Core/Src/tim.c ****     GPIO_InitStruct.Speed = GPIO_SPEED_FREQ_LOW;
 200:Core/Src/tim.c ****     GPIO_InitStruct.Alternate = GPIO_AF1_TIM2;
 201:Core/Src/tim.c ****     HAL_GPIO_Init(GPIOB, &GPIO_InitStruct);
 202:Core/Src/tim.c **** 
 203:Core/Src/tim.c ****   /* USER CODE BEGIN TIM2_MspPostInit 1 */
 204:Core/Src/tim.c **** 
 205:Core/Src/tim.c ****   /* USER CODE END TIM2_MspPostInit 1 */
 206:Core/Src/tim.c ****   }
 207:Core/Src/tim.c ****   else if(timHandle->Instance==TIM3)
 161              		.loc 1 207 8 is_stmt 1 view .LVU31
 162              		.loc 1 207 10 is_stmt 0 view .LVU32
 163 0018 224A     		ldr	r2, .L23
 164 001a 9342     		cmp	r3, r2
 165 001c 2DD0     		beq	.L22
 166              	.LVL3:
 167              	.L17:
 208:Core/Src/tim.c ****   {
 209:Core/Src/tim.c ****   /* USER CODE BEGIN TIM3_MspPostInit 0 */
 210:Core/Src/tim.c **** 
 211:Core/Src/tim.c ****   /* USER CODE END TIM3_MspPostInit 0 */
 212:Core/Src/tim.c **** 
 213:Core/Src/tim.c ****     __HAL_RCC_GPIOA_CLK_ENABLE();
 214:Core/Src/tim.c ****     /**TIM3 GPIO Configuration
 215:Core/Src/tim.c ****     PA6     ------> TIM3_CH1
 216:Core/Src/tim.c ****     */
 217:Core/Src/tim.c ****     GPIO_InitStruct.Pin = ACTUATOR_Pin;
 218:Core/Src/tim.c ****     GPIO_InitStruct.Mode = GPIO_MODE_AF_PP;
 219:Core/Src/tim.c ****     GPIO_InitStruct.Pull = GPIO_NOPULL;
 220:Core/Src/tim.c ****     GPIO_InitStruct.Speed = GPIO_SPEED_FREQ_LOW;
 221:Core/Src/tim.c ****     GPIO_InitStruct.Alternate = GPIO_AF2_TIM3;
 222:Core/Src/tim.c ****     HAL_GPIO_Init(ACTUATOR_GPIO_Port, &GPIO_InitStruct);
 223:Core/Src/tim.c **** 
 224:Core/Src/tim.c ****   /* USER CODE BEGIN TIM3_MspPostInit 1 */
 225:Core/Src/tim.c **** 
 226:Core/Src/tim.c ****   /* USER CODE END TIM3_MspPostInit 1 */
 227:Core/Src/tim.c ****   }
 228:Core/Src/tim.c **** 
 229:Core/Src/tim.c **** }
 168              		.loc 1 229 1 view .LVU33
 169 001e 09B0     		add	sp, sp, #36
 170              		.cfi_remember_state
 171              		.cfi_def_cfa_offset 12
 172              		@ sp needed
 173 0020 30BD     		pop	{r4, r5, pc}
ARM GAS  C:\Users\jacki\AppData\Local\Temp\cc5ipj3f.s 			page 8


 174              	.LVL4:
 175              	.L21:
 176              		.cfi_restore_state
 181:Core/Src/tim.c ****     __HAL_RCC_GPIOB_CLK_ENABLE();
 177              		.loc 1 181 5 is_stmt 1 view .LVU34
 178              	.LBB4:
 181:Core/Src/tim.c ****     __HAL_RCC_GPIOB_CLK_ENABLE();
 179              		.loc 1 181 5 view .LVU35
 181:Core/Src/tim.c ****     __HAL_RCC_GPIOB_CLK_ENABLE();
 180              		.loc 1 181 5 view .LVU36
 181 0022 03F50433 		add	r3, r3, #135168
 182 0026 DA6C     		ldr	r2, [r3, #76]
 183 0028 42F00102 		orr	r2, r2, #1
 184 002c DA64     		str	r2, [r3, #76]
 181:Core/Src/tim.c ****     __HAL_RCC_GPIOB_CLK_ENABLE();
 185              		.loc 1 181 5 view .LVU37
 186 002e DA6C     		ldr	r2, [r3, #76]
 187 0030 02F00102 		and	r2, r2, #1
 188 0034 0092     		str	r2, [sp]
 181:Core/Src/tim.c ****     __HAL_RCC_GPIOB_CLK_ENABLE();
 189              		.loc 1 181 5 view .LVU38
 190 0036 009A     		ldr	r2, [sp]
 191              	.LBE4:
 181:Core/Src/tim.c ****     __HAL_RCC_GPIOB_CLK_ENABLE();
 192              		.loc 1 181 5 view .LVU39
 182:Core/Src/tim.c ****     /**TIM2 GPIO Configuration
 193              		.loc 1 182 5 view .LVU40
 194              	.LBB5:
 182:Core/Src/tim.c ****     /**TIM2 GPIO Configuration
 195              		.loc 1 182 5 view .LVU41
 182:Core/Src/tim.c ****     /**TIM2 GPIO Configuration
 196              		.loc 1 182 5 view .LVU42
 197 0038 DA6C     		ldr	r2, [r3, #76]
 198 003a 42F00202 		orr	r2, r2, #2
 199 003e DA64     		str	r2, [r3, #76]
 182:Core/Src/tim.c ****     /**TIM2 GPIO Configuration
 200              		.loc 1 182 5 view .LVU43
 201 0040 DB6C     		ldr	r3, [r3, #76]
 202 0042 03F00203 		and	r3, r3, #2
 203 0046 0193     		str	r3, [sp, #4]
 182:Core/Src/tim.c ****     /**TIM2 GPIO Configuration
 204              		.loc 1 182 5 view .LVU44
 205 0048 019B     		ldr	r3, [sp, #4]
 206              	.LBE5:
 182:Core/Src/tim.c ****     /**TIM2 GPIO Configuration
 207              		.loc 1 182 5 view .LVU45
 189:Core/Src/tim.c ****     GPIO_InitStruct.Mode = GPIO_MODE_AF_PP;
 208              		.loc 1 189 5 view .LVU46
 189:Core/Src/tim.c ****     GPIO_InitStruct.Mode = GPIO_MODE_AF_PP;
 209              		.loc 1 189 25 is_stmt 0 view .LVU47
 210 004a 0323     		movs	r3, #3
 211 004c 0393     		str	r3, [sp, #12]
 190:Core/Src/tim.c ****     GPIO_InitStruct.Pull = GPIO_NOPULL;
 212              		.loc 1 190 5 is_stmt 1 view .LVU48
 190:Core/Src/tim.c ****     GPIO_InitStruct.Pull = GPIO_NOPULL;
 213              		.loc 1 190 26 is_stmt 0 view .LVU49
 214 004e 0225     		movs	r5, #2
ARM GAS  C:\Users\jacki\AppData\Local\Temp\cc5ipj3f.s 			page 9


 215 0050 0495     		str	r5, [sp, #16]
 191:Core/Src/tim.c ****     GPIO_InitStruct.Speed = GPIO_SPEED_FREQ_LOW;
 216              		.loc 1 191 5 is_stmt 1 view .LVU50
 192:Core/Src/tim.c ****     GPIO_InitStruct.Alternate = GPIO_AF1_TIM2;
 217              		.loc 1 192 5 view .LVU51
 193:Core/Src/tim.c ****     HAL_GPIO_Init(GPIOA, &GPIO_InitStruct);
 218              		.loc 1 193 5 view .LVU52
 193:Core/Src/tim.c ****     HAL_GPIO_Init(GPIOA, &GPIO_InitStruct);
 219              		.loc 1 193 31 is_stmt 0 view .LVU53
 220 0052 0124     		movs	r4, #1
 221 0054 0794     		str	r4, [sp, #28]
 194:Core/Src/tim.c **** 
 222              		.loc 1 194 5 is_stmt 1 view .LVU54
 223 0056 03A9     		add	r1, sp, #12
 224 0058 4FF09040 		mov	r0, #1207959552
 225              	.LVL5:
 194:Core/Src/tim.c **** 
 226              		.loc 1 194 5 is_stmt 0 view .LVU55
 227 005c FFF7FEFF 		bl	HAL_GPIO_Init
 228              	.LVL6:
 196:Core/Src/tim.c ****     GPIO_InitStruct.Mode = GPIO_MODE_AF_PP;
 229              		.loc 1 196 5 is_stmt 1 view .LVU56
 196:Core/Src/tim.c ****     GPIO_InitStruct.Mode = GPIO_MODE_AF_PP;
 230              		.loc 1 196 25 is_stmt 0 view .LVU57
 231 0060 4FF44063 		mov	r3, #3072
 232 0064 0393     		str	r3, [sp, #12]
 197:Core/Src/tim.c ****     GPIO_InitStruct.Pull = GPIO_NOPULL;
 233              		.loc 1 197 5 is_stmt 1 view .LVU58
 197:Core/Src/tim.c ****     GPIO_InitStruct.Pull = GPIO_NOPULL;
 234              		.loc 1 197 26 is_stmt 0 view .LVU59
 235 0066 0495     		str	r5, [sp, #16]
 198:Core/Src/tim.c ****     GPIO_InitStruct.Speed = GPIO_SPEED_FREQ_LOW;
 236              		.loc 1 198 5 is_stmt 1 view .LVU60
 198:Core/Src/tim.c ****     GPIO_InitStruct.Speed = GPIO_SPEED_FREQ_LOW;
 237              		.loc 1 198 26 is_stmt 0 view .LVU61
 238 0068 0023     		movs	r3, #0
 239 006a 0593     		str	r3, [sp, #20]
 199:Core/Src/tim.c ****     GPIO_InitStruct.Alternate = GPIO_AF1_TIM2;
 240              		.loc 1 199 5 is_stmt 1 view .LVU62
 199:Core/Src/tim.c ****     GPIO_InitStruct.Alternate = GPIO_AF1_TIM2;
 241              		.loc 1 199 27 is_stmt 0 view .LVU63
 242 006c 0693     		str	r3, [sp, #24]
 200:Core/Src/tim.c ****     HAL_GPIO_Init(GPIOB, &GPIO_InitStruct);
 243              		.loc 1 200 5 is_stmt 1 view .LVU64
 200:Core/Src/tim.c ****     HAL_GPIO_Init(GPIOB, &GPIO_InitStruct);
 244              		.loc 1 200 31 is_stmt 0 view .LVU65
 245 006e 0794     		str	r4, [sp, #28]
 201:Core/Src/tim.c **** 
 246              		.loc 1 201 5 is_stmt 1 view .LVU66
 247 0070 03A9     		add	r1, sp, #12
 248 0072 0D48     		ldr	r0, .L23+4
 249 0074 FFF7FEFF 		bl	HAL_GPIO_Init
 250              	.LVL7:
 251 0078 D1E7     		b	.L17
 252              	.LVL8:
 253              	.L22:
 213:Core/Src/tim.c ****     /**TIM3 GPIO Configuration
ARM GAS  C:\Users\jacki\AppData\Local\Temp\cc5ipj3f.s 			page 10


 254              		.loc 1 213 5 view .LVU67
 255              	.LBB6:
 213:Core/Src/tim.c ****     /**TIM3 GPIO Configuration
 256              		.loc 1 213 5 view .LVU68
 213:Core/Src/tim.c ****     /**TIM3 GPIO Configuration
 257              		.loc 1 213 5 view .LVU69
 258 007a 0C4B     		ldr	r3, .L23+8
 259 007c DA6C     		ldr	r2, [r3, #76]
 260 007e 42F00102 		orr	r2, r2, #1
 261 0082 DA64     		str	r2, [r3, #76]
 213:Core/Src/tim.c ****     /**TIM3 GPIO Configuration
 262              		.loc 1 213 5 view .LVU70
 263 0084 DB6C     		ldr	r3, [r3, #76]
 264 0086 03F00103 		and	r3, r3, #1
 265 008a 0293     		str	r3, [sp, #8]
 213:Core/Src/tim.c ****     /**TIM3 GPIO Configuration
 266              		.loc 1 213 5 view .LVU71
 267 008c 029B     		ldr	r3, [sp, #8]
 268              	.LBE6:
 213:Core/Src/tim.c ****     /**TIM3 GPIO Configuration
 269              		.loc 1 213 5 view .LVU72
 217:Core/Src/tim.c ****     GPIO_InitStruct.Mode = GPIO_MODE_AF_PP;
 270              		.loc 1 217 5 view .LVU73
 217:Core/Src/tim.c ****     GPIO_InitStruct.Mode = GPIO_MODE_AF_PP;
 271              		.loc 1 217 25 is_stmt 0 view .LVU74
 272 008e 4023     		movs	r3, #64
 273 0090 0393     		str	r3, [sp, #12]
 218:Core/Src/tim.c ****     GPIO_InitStruct.Pull = GPIO_NOPULL;
 274              		.loc 1 218 5 is_stmt 1 view .LVU75
 218:Core/Src/tim.c ****     GPIO_InitStruct.Pull = GPIO_NOPULL;
 275              		.loc 1 218 26 is_stmt 0 view .LVU76
 276 0092 0223     		movs	r3, #2
 277 0094 0493     		str	r3, [sp, #16]
 219:Core/Src/tim.c ****     GPIO_InitStruct.Speed = GPIO_SPEED_FREQ_LOW;
 278              		.loc 1 219 5 is_stmt 1 view .LVU77
 220:Core/Src/tim.c ****     GPIO_InitStruct.Alternate = GPIO_AF2_TIM3;
 279              		.loc 1 220 5 view .LVU78
 221:Core/Src/tim.c ****     HAL_GPIO_Init(ACTUATOR_GPIO_Port, &GPIO_InitStruct);
 280              		.loc 1 221 5 view .LVU79
 221:Core/Src/tim.c ****     HAL_GPIO_Init(ACTUATOR_GPIO_Port, &GPIO_InitStruct);
 281              		.loc 1 221 31 is_stmt 0 view .LVU80
 282 0096 0793     		str	r3, [sp, #28]
 222:Core/Src/tim.c **** 
 283              		.loc 1 222 5 is_stmt 1 view .LVU81
 284 0098 03A9     		add	r1, sp, #12
 285 009a 4FF09040 		mov	r0, #1207959552
 286              	.LVL9:
 222:Core/Src/tim.c **** 
 287              		.loc 1 222 5 is_stmt 0 view .LVU82
 288 009e FFF7FEFF 		bl	HAL_GPIO_Init
 289              	.LVL10:
 290              		.loc 1 229 1 view .LVU83
 291 00a2 BCE7     		b	.L17
 292              	.L24:
 293              		.align	2
 294              	.L23:
 295 00a4 00040040 		.word	1073742848
ARM GAS  C:\Users\jacki\AppData\Local\Temp\cc5ipj3f.s 			page 11


 296 00a8 00040048 		.word	1207960576
 297 00ac 00100240 		.word	1073876992
 298              		.cfi_endproc
 299              	.LFE136:
 301              		.section	.text.MX_TIM2_Init,"ax",%progbits
 302              		.align	1
 303              		.global	MX_TIM2_Init
 304              		.syntax unified
 305              		.thumb
 306              		.thumb_func
 308              	MX_TIM2_Init:
 309              	.LFB132:
  32:Core/Src/tim.c **** 
 310              		.loc 1 32 1 is_stmt 1 view -0
 311              		.cfi_startproc
 312              		@ args = 0, pretend = 0, frame = 40
 313              		@ frame_needed = 0, uses_anonymous_args = 0
 314 0000 00B5     		push	{lr}
 315              		.cfi_def_cfa_offset 4
 316              		.cfi_offset 14, -4
 317 0002 8BB0     		sub	sp, sp, #44
 318              		.cfi_def_cfa_offset 48
  38:Core/Src/tim.c ****   TIM_OC_InitTypeDef sConfigOC = {0};
 319              		.loc 1 38 3 view .LVU85
  38:Core/Src/tim.c ****   TIM_OC_InitTypeDef sConfigOC = {0};
 320              		.loc 1 38 27 is_stmt 0 view .LVU86
 321 0004 0023     		movs	r3, #0
 322 0006 0793     		str	r3, [sp, #28]
 323 0008 0893     		str	r3, [sp, #32]
 324 000a 0993     		str	r3, [sp, #36]
  39:Core/Src/tim.c **** 
 325              		.loc 1 39 3 is_stmt 1 view .LVU87
  39:Core/Src/tim.c **** 
 326              		.loc 1 39 22 is_stmt 0 view .LVU88
 327 000c 0093     		str	r3, [sp]
 328 000e 0193     		str	r3, [sp, #4]
 329 0010 0293     		str	r3, [sp, #8]
 330 0012 0393     		str	r3, [sp, #12]
 331 0014 0493     		str	r3, [sp, #16]
 332 0016 0593     		str	r3, [sp, #20]
 333 0018 0693     		str	r3, [sp, #24]
  44:Core/Src/tim.c ****   htim2.Init.Prescaler = 0;
 334              		.loc 1 44 3 is_stmt 1 view .LVU89
  44:Core/Src/tim.c ****   htim2.Init.Prescaler = 0;
 335              		.loc 1 44 18 is_stmt 0 view .LVU90
 336 001a 2548     		ldr	r0, .L39
 337 001c 4FF08042 		mov	r2, #1073741824
 338 0020 0260     		str	r2, [r0]
  45:Core/Src/tim.c ****   htim2.Init.CounterMode = TIM_COUNTERMODE_UP;
 339              		.loc 1 45 3 is_stmt 1 view .LVU91
  45:Core/Src/tim.c ****   htim2.Init.CounterMode = TIM_COUNTERMODE_UP;
 340              		.loc 1 45 24 is_stmt 0 view .LVU92
 341 0022 4360     		str	r3, [r0, #4]
  46:Core/Src/tim.c ****   htim2.Init.Period = 16999;
 342              		.loc 1 46 3 is_stmt 1 view .LVU93
  46:Core/Src/tim.c ****   htim2.Init.Period = 16999;
 343              		.loc 1 46 26 is_stmt 0 view .LVU94
ARM GAS  C:\Users\jacki\AppData\Local\Temp\cc5ipj3f.s 			page 12


 344 0024 8360     		str	r3, [r0, #8]
  47:Core/Src/tim.c ****   htim2.Init.ClockDivision = TIM_CLOCKDIVISION_DIV1;
 345              		.loc 1 47 3 is_stmt 1 view .LVU95
  47:Core/Src/tim.c ****   htim2.Init.ClockDivision = TIM_CLOCKDIVISION_DIV1;
 346              		.loc 1 47 21 is_stmt 0 view .LVU96
 347 0026 44F26722 		movw	r2, #16999
 348 002a C260     		str	r2, [r0, #12]
  48:Core/Src/tim.c ****   htim2.Init.AutoReloadPreload = TIM_AUTORELOAD_PRELOAD_DISABLE;
 349              		.loc 1 48 3 is_stmt 1 view .LVU97
  48:Core/Src/tim.c ****   htim2.Init.AutoReloadPreload = TIM_AUTORELOAD_PRELOAD_DISABLE;
 350              		.loc 1 48 28 is_stmt 0 view .LVU98
 351 002c 0361     		str	r3, [r0, #16]
  49:Core/Src/tim.c ****   if (HAL_TIM_PWM_Init(&htim2) != HAL_OK)
 352              		.loc 1 49 3 is_stmt 1 view .LVU99
  49:Core/Src/tim.c ****   if (HAL_TIM_PWM_Init(&htim2) != HAL_OK)
 353              		.loc 1 49 32 is_stmt 0 view .LVU100
 354 002e 8361     		str	r3, [r0, #24]
  50:Core/Src/tim.c ****   {
 355              		.loc 1 50 3 is_stmt 1 view .LVU101
  50:Core/Src/tim.c ****   {
 356              		.loc 1 50 7 is_stmt 0 view .LVU102
 357 0030 FFF7FEFF 		bl	HAL_TIM_PWM_Init
 358              	.LVL11:
  50:Core/Src/tim.c ****   {
 359              		.loc 1 50 6 view .LVU103
 360 0034 50BB     		cbnz	r0, .L33
 361              	.L26:
  54:Core/Src/tim.c ****   sMasterConfig.MasterSlaveMode = TIM_MASTERSLAVEMODE_DISABLE;
 362              		.loc 1 54 3 is_stmt 1 view .LVU104
  54:Core/Src/tim.c ****   sMasterConfig.MasterSlaveMode = TIM_MASTERSLAVEMODE_DISABLE;
 363              		.loc 1 54 37 is_stmt 0 view .LVU105
 364 0036 0023     		movs	r3, #0
 365 0038 0793     		str	r3, [sp, #28]
  55:Core/Src/tim.c ****   if (HAL_TIMEx_MasterConfigSynchronization(&htim2, &sMasterConfig) != HAL_OK)
 366              		.loc 1 55 3 is_stmt 1 view .LVU106
  55:Core/Src/tim.c ****   if (HAL_TIMEx_MasterConfigSynchronization(&htim2, &sMasterConfig) != HAL_OK)
 367              		.loc 1 55 33 is_stmt 0 view .LVU107
 368 003a 0993     		str	r3, [sp, #36]
  56:Core/Src/tim.c ****   {
 369              		.loc 1 56 3 is_stmt 1 view .LVU108
  56:Core/Src/tim.c ****   {
 370              		.loc 1 56 7 is_stmt 0 view .LVU109
 371 003c 07A9     		add	r1, sp, #28
 372 003e 1C48     		ldr	r0, .L39
 373 0040 FFF7FEFF 		bl	HAL_TIMEx_MasterConfigSynchronization
 374              	.LVL12:
  56:Core/Src/tim.c ****   {
 375              		.loc 1 56 6 view .LVU110
 376 0044 28BB     		cbnz	r0, .L34
 377              	.L27:
  60:Core/Src/tim.c ****   sConfigOC.Pulse = 0;
 378              		.loc 1 60 3 is_stmt 1 view .LVU111
  60:Core/Src/tim.c ****   sConfigOC.Pulse = 0;
 379              		.loc 1 60 20 is_stmt 0 view .LVU112
 380 0046 6023     		movs	r3, #96
 381 0048 0093     		str	r3, [sp]
  61:Core/Src/tim.c ****   sConfigOC.OCPolarity = TIM_OCPOLARITY_HIGH;
ARM GAS  C:\Users\jacki\AppData\Local\Temp\cc5ipj3f.s 			page 13


 382              		.loc 1 61 3 is_stmt 1 view .LVU113
  61:Core/Src/tim.c ****   sConfigOC.OCPolarity = TIM_OCPOLARITY_HIGH;
 383              		.loc 1 61 19 is_stmt 0 view .LVU114
 384 004a 0022     		movs	r2, #0
 385 004c 0192     		str	r2, [sp, #4]
  62:Core/Src/tim.c ****   sConfigOC.OCFastMode = TIM_OCFAST_DISABLE;
 386              		.loc 1 62 3 is_stmt 1 view .LVU115
  62:Core/Src/tim.c ****   sConfigOC.OCFastMode = TIM_OCFAST_DISABLE;
 387              		.loc 1 62 24 is_stmt 0 view .LVU116
 388 004e 0292     		str	r2, [sp, #8]
  63:Core/Src/tim.c ****   if (HAL_TIM_PWM_ConfigChannel(&htim2, &sConfigOC, TIM_CHANNEL_1) != HAL_OK)
 389              		.loc 1 63 3 is_stmt 1 view .LVU117
  63:Core/Src/tim.c ****   if (HAL_TIM_PWM_ConfigChannel(&htim2, &sConfigOC, TIM_CHANNEL_1) != HAL_OK)
 390              		.loc 1 63 24 is_stmt 0 view .LVU118
 391 0050 0492     		str	r2, [sp, #16]
  64:Core/Src/tim.c ****   {
 392              		.loc 1 64 3 is_stmt 1 view .LVU119
  64:Core/Src/tim.c ****   {
 393              		.loc 1 64 7 is_stmt 0 view .LVU120
 394 0052 6946     		mov	r1, sp
 395 0054 1648     		ldr	r0, .L39
 396 0056 FFF7FEFF 		bl	HAL_TIM_PWM_ConfigChannel
 397              	.LVL13:
  64:Core/Src/tim.c ****   {
 398              		.loc 1 64 6 view .LVU121
 399 005a E8B9     		cbnz	r0, .L35
 400              	.L28:
  68:Core/Src/tim.c ****   {
 401              		.loc 1 68 3 is_stmt 1 view .LVU122
  68:Core/Src/tim.c ****   {
 402              		.loc 1 68 7 is_stmt 0 view .LVU123
 403 005c 0422     		movs	r2, #4
 404 005e 6946     		mov	r1, sp
 405 0060 1348     		ldr	r0, .L39
 406 0062 FFF7FEFF 		bl	HAL_TIM_PWM_ConfigChannel
 407              	.LVL14:
  68:Core/Src/tim.c ****   {
 408              		.loc 1 68 6 view .LVU124
 409 0066 D0B9     		cbnz	r0, .L36
 410              	.L29:
  72:Core/Src/tim.c ****   {
 411              		.loc 1 72 3 is_stmt 1 view .LVU125
  72:Core/Src/tim.c ****   {
 412              		.loc 1 72 7 is_stmt 0 view .LVU126
 413 0068 0822     		movs	r2, #8
 414 006a 6946     		mov	r1, sp
 415 006c 1048     		ldr	r0, .L39
 416 006e FFF7FEFF 		bl	HAL_TIM_PWM_ConfigChannel
 417              	.LVL15:
  72:Core/Src/tim.c ****   {
 418              		.loc 1 72 6 view .LVU127
 419 0072 B8B9     		cbnz	r0, .L37
 420              	.L30:
  76:Core/Src/tim.c ****   {
 421              		.loc 1 76 3 is_stmt 1 view .LVU128
  76:Core/Src/tim.c ****   {
 422              		.loc 1 76 7 is_stmt 0 view .LVU129
ARM GAS  C:\Users\jacki\AppData\Local\Temp\cc5ipj3f.s 			page 14


 423 0074 0C22     		movs	r2, #12
 424 0076 6946     		mov	r1, sp
 425 0078 0D48     		ldr	r0, .L39
 426 007a FFF7FEFF 		bl	HAL_TIM_PWM_ConfigChannel
 427              	.LVL16:
  76:Core/Src/tim.c ****   {
 428              		.loc 1 76 6 view .LVU130
 429 007e A0B9     		cbnz	r0, .L38
 430              	.L31:
  83:Core/Src/tim.c **** 
 431              		.loc 1 83 3 is_stmt 1 view .LVU131
 432 0080 0B48     		ldr	r0, .L39
 433 0082 FFF7FEFF 		bl	HAL_TIM_MspPostInit
 434              	.LVL17:
  85:Core/Src/tim.c **** /* TIM3 init function */
 435              		.loc 1 85 1 is_stmt 0 view .LVU132
 436 0086 0BB0     		add	sp, sp, #44
 437              		.cfi_remember_state
 438              		.cfi_def_cfa_offset 4
 439              		@ sp needed
 440 0088 5DF804FB 		ldr	pc, [sp], #4
 441              	.L33:
 442              		.cfi_restore_state
  52:Core/Src/tim.c ****   }
 443              		.loc 1 52 5 is_stmt 1 view .LVU133
 444 008c FFF7FEFF 		bl	Error_Handler
 445              	.LVL18:
 446 0090 D1E7     		b	.L26
 447              	.L34:
  58:Core/Src/tim.c ****   }
 448              		.loc 1 58 5 view .LVU134
 449 0092 FFF7FEFF 		bl	Error_Handler
 450              	.LVL19:
 451 0096 D6E7     		b	.L27
 452              	.L35:
  66:Core/Src/tim.c ****   }
 453              		.loc 1 66 5 view .LVU135
 454 0098 FFF7FEFF 		bl	Error_Handler
 455              	.LVL20:
 456 009c DEE7     		b	.L28
 457              	.L36:
  70:Core/Src/tim.c ****   }
 458              		.loc 1 70 5 view .LVU136
 459 009e FFF7FEFF 		bl	Error_Handler
 460              	.LVL21:
 461 00a2 E1E7     		b	.L29
 462              	.L37:
  74:Core/Src/tim.c ****   }
 463              		.loc 1 74 5 view .LVU137
 464 00a4 FFF7FEFF 		bl	Error_Handler
 465              	.LVL22:
 466 00a8 E4E7     		b	.L30
 467              	.L38:
  78:Core/Src/tim.c ****   }
 468              		.loc 1 78 5 view .LVU138
 469 00aa FFF7FEFF 		bl	Error_Handler
 470              	.LVL23:
ARM GAS  C:\Users\jacki\AppData\Local\Temp\cc5ipj3f.s 			page 15


 471 00ae E7E7     		b	.L31
 472              	.L40:
 473              		.align	2
 474              	.L39:
 475 00b0 00000000 		.word	.LANCHOR0
 476              		.cfi_endproc
 477              	.LFE132:
 479              		.section	.text.MX_TIM3_Init,"ax",%progbits
 480              		.align	1
 481              		.global	MX_TIM3_Init
 482              		.syntax unified
 483              		.thumb
 484              		.thumb_func
 486              	MX_TIM3_Init:
 487              	.LFB133:
  88:Core/Src/tim.c **** 
 488              		.loc 1 88 1 view -0
 489              		.cfi_startproc
 490              		@ args = 0, pretend = 0, frame = 56
 491              		@ frame_needed = 0, uses_anonymous_args = 0
 492 0000 00B5     		push	{lr}
 493              		.cfi_def_cfa_offset 4
 494              		.cfi_offset 14, -4
 495 0002 8FB0     		sub	sp, sp, #60
 496              		.cfi_def_cfa_offset 64
  94:Core/Src/tim.c ****   TIM_MasterConfigTypeDef sMasterConfig = {0};
 497              		.loc 1 94 3 view .LVU140
  94:Core/Src/tim.c ****   TIM_MasterConfigTypeDef sMasterConfig = {0};
 498              		.loc 1 94 26 is_stmt 0 view .LVU141
 499 0004 0023     		movs	r3, #0
 500 0006 0A93     		str	r3, [sp, #40]
 501 0008 0B93     		str	r3, [sp, #44]
 502 000a 0C93     		str	r3, [sp, #48]
 503 000c 0D93     		str	r3, [sp, #52]
  95:Core/Src/tim.c ****   TIM_OC_InitTypeDef sConfigOC = {0};
 504              		.loc 1 95 3 is_stmt 1 view .LVU142
  95:Core/Src/tim.c ****   TIM_OC_InitTypeDef sConfigOC = {0};
 505              		.loc 1 95 27 is_stmt 0 view .LVU143
 506 000e 0793     		str	r3, [sp, #28]
 507 0010 0893     		str	r3, [sp, #32]
 508 0012 0993     		str	r3, [sp, #36]
  96:Core/Src/tim.c **** 
 509              		.loc 1 96 3 is_stmt 1 view .LVU144
  96:Core/Src/tim.c **** 
 510              		.loc 1 96 22 is_stmt 0 view .LVU145
 511 0014 0093     		str	r3, [sp]
 512 0016 0193     		str	r3, [sp, #4]
 513 0018 0293     		str	r3, [sp, #8]
 514 001a 0393     		str	r3, [sp, #12]
 515 001c 0493     		str	r3, [sp, #16]
 516 001e 0593     		str	r3, [sp, #20]
 517 0020 0693     		str	r3, [sp, #24]
 101:Core/Src/tim.c ****   htim3.Init.Prescaler = 85-1;
 518              		.loc 1 101 3 is_stmt 1 view .LVU146
 101:Core/Src/tim.c ****   htim3.Init.Prescaler = 85-1;
 519              		.loc 1 101 18 is_stmt 0 view .LVU147
 520 0022 2148     		ldr	r0, .L53
ARM GAS  C:\Users\jacki\AppData\Local\Temp\cc5ipj3f.s 			page 16


 521 0024 214A     		ldr	r2, .L53+4
 522 0026 0260     		str	r2, [r0]
 102:Core/Src/tim.c ****   htim3.Init.CounterMode = TIM_COUNTERMODE_UP;
 523              		.loc 1 102 3 is_stmt 1 view .LVU148
 102:Core/Src/tim.c ****   htim3.Init.CounterMode = TIM_COUNTERMODE_UP;
 524              		.loc 1 102 24 is_stmt 0 view .LVU149
 525 0028 5422     		movs	r2, #84
 526 002a 4260     		str	r2, [r0, #4]
 103:Core/Src/tim.c ****   htim3.Init.Period = 39999;
 527              		.loc 1 103 3 is_stmt 1 view .LVU150
 103:Core/Src/tim.c ****   htim3.Init.Period = 39999;
 528              		.loc 1 103 26 is_stmt 0 view .LVU151
 529 002c 8360     		str	r3, [r0, #8]
 104:Core/Src/tim.c ****   htim3.Init.ClockDivision = TIM_CLOCKDIVISION_DIV1;
 530              		.loc 1 104 3 is_stmt 1 view .LVU152
 104:Core/Src/tim.c ****   htim3.Init.ClockDivision = TIM_CLOCKDIVISION_DIV1;
 531              		.loc 1 104 21 is_stmt 0 view .LVU153
 532 002e 49F63F42 		movw	r2, #39999
 533 0032 C260     		str	r2, [r0, #12]
 105:Core/Src/tim.c ****   htim3.Init.AutoReloadPreload = TIM_AUTORELOAD_PRELOAD_DISABLE;
 534              		.loc 1 105 3 is_stmt 1 view .LVU154
 105:Core/Src/tim.c ****   htim3.Init.AutoReloadPreload = TIM_AUTORELOAD_PRELOAD_DISABLE;
 535              		.loc 1 105 28 is_stmt 0 view .LVU155
 536 0034 0361     		str	r3, [r0, #16]
 106:Core/Src/tim.c ****   if (HAL_TIM_Base_Init(&htim3) != HAL_OK)
 537              		.loc 1 106 3 is_stmt 1 view .LVU156
 106:Core/Src/tim.c ****   if (HAL_TIM_Base_Init(&htim3) != HAL_OK)
 538              		.loc 1 106 32 is_stmt 0 view .LVU157
 539 0036 8361     		str	r3, [r0, #24]
 107:Core/Src/tim.c ****   {
 540              		.loc 1 107 3 is_stmt 1 view .LVU158
 107:Core/Src/tim.c ****   {
 541              		.loc 1 107 7 is_stmt 0 view .LVU159
 542 0038 FFF7FEFF 		bl	HAL_TIM_Base_Init
 543              	.LVL24:
 107:Core/Src/tim.c ****   {
 544              		.loc 1 107 6 view .LVU160
 545 003c 20BB     		cbnz	r0, .L48
 546              	.L42:
 111:Core/Src/tim.c ****   if (HAL_TIM_ConfigClockSource(&htim3, &sClockSourceConfig) != HAL_OK)
 547              		.loc 1 111 3 is_stmt 1 view .LVU161
 111:Core/Src/tim.c ****   if (HAL_TIM_ConfigClockSource(&htim3, &sClockSourceConfig) != HAL_OK)
 548              		.loc 1 111 34 is_stmt 0 view .LVU162
 549 003e 4FF48053 		mov	r3, #4096
 550 0042 0A93     		str	r3, [sp, #40]
 112:Core/Src/tim.c ****   {
 551              		.loc 1 112 3 is_stmt 1 view .LVU163
 112:Core/Src/tim.c ****   {
 552              		.loc 1 112 7 is_stmt 0 view .LVU164
 553 0044 0AA9     		add	r1, sp, #40
 554 0046 1848     		ldr	r0, .L53
 555 0048 FFF7FEFF 		bl	HAL_TIM_ConfigClockSource
 556              	.LVL25:
 112:Core/Src/tim.c ****   {
 557              		.loc 1 112 6 view .LVU165
 558 004c F8B9     		cbnz	r0, .L49
 559              	.L43:
ARM GAS  C:\Users\jacki\AppData\Local\Temp\cc5ipj3f.s 			page 17


 116:Core/Src/tim.c ****   {
 560              		.loc 1 116 3 is_stmt 1 view .LVU166
 116:Core/Src/tim.c ****   {
 561              		.loc 1 116 7 is_stmt 0 view .LVU167
 562 004e 1648     		ldr	r0, .L53
 563 0050 FFF7FEFF 		bl	HAL_TIM_PWM_Init
 564              	.LVL26:
 116:Core/Src/tim.c ****   {
 565              		.loc 1 116 6 view .LVU168
 566 0054 F0B9     		cbnz	r0, .L50
 567              	.L44:
 120:Core/Src/tim.c ****   sMasterConfig.MasterSlaveMode = TIM_MASTERSLAVEMODE_DISABLE;
 568              		.loc 1 120 3 is_stmt 1 view .LVU169
 120:Core/Src/tim.c ****   sMasterConfig.MasterSlaveMode = TIM_MASTERSLAVEMODE_DISABLE;
 569              		.loc 1 120 37 is_stmt 0 view .LVU170
 570 0056 0023     		movs	r3, #0
 571 0058 0793     		str	r3, [sp, #28]
 121:Core/Src/tim.c ****   if (HAL_TIMEx_MasterConfigSynchronization(&htim3, &sMasterConfig) != HAL_OK)
 572              		.loc 1 121 3 is_stmt 1 view .LVU171
 121:Core/Src/tim.c ****   if (HAL_TIMEx_MasterConfigSynchronization(&htim3, &sMasterConfig) != HAL_OK)
 573              		.loc 1 121 33 is_stmt 0 view .LVU172
 574 005a 0993     		str	r3, [sp, #36]
 122:Core/Src/tim.c ****   {
 575              		.loc 1 122 3 is_stmt 1 view .LVU173
 122:Core/Src/tim.c ****   {
 576              		.loc 1 122 7 is_stmt 0 view .LVU174
 577 005c 07A9     		add	r1, sp, #28
 578 005e 1248     		ldr	r0, .L53
 579 0060 FFF7FEFF 		bl	HAL_TIMEx_MasterConfigSynchronization
 580              	.LVL27:
 122:Core/Src/tim.c ****   {
 581              		.loc 1 122 6 view .LVU175
 582 0064 C8B9     		cbnz	r0, .L51
 583              	.L45:
 126:Core/Src/tim.c ****   sConfigOC.Pulse = 0;
 584              		.loc 1 126 3 is_stmt 1 view .LVU176
 126:Core/Src/tim.c ****   sConfigOC.Pulse = 0;
 585              		.loc 1 126 20 is_stmt 0 view .LVU177
 586 0066 6023     		movs	r3, #96
 587 0068 0093     		str	r3, [sp]
 127:Core/Src/tim.c ****   sConfigOC.OCPolarity = TIM_OCPOLARITY_HIGH;
 588              		.loc 1 127 3 is_stmt 1 view .LVU178
 127:Core/Src/tim.c ****   sConfigOC.OCPolarity = TIM_OCPOLARITY_HIGH;
 589              		.loc 1 127 19 is_stmt 0 view .LVU179
 590 006a 0022     		movs	r2, #0
 591 006c 0192     		str	r2, [sp, #4]
 128:Core/Src/tim.c ****   sConfigOC.OCFastMode = TIM_OCFAST_DISABLE;
 592              		.loc 1 128 3 is_stmt 1 view .LVU180
 128:Core/Src/tim.c ****   sConfigOC.OCFastMode = TIM_OCFAST_DISABLE;
 593              		.loc 1 128 24 is_stmt 0 view .LVU181
 594 006e 0292     		str	r2, [sp, #8]
 129:Core/Src/tim.c ****   if (HAL_TIM_PWM_ConfigChannel(&htim3, &sConfigOC, TIM_CHANNEL_1) != HAL_OK)
 595              		.loc 1 129 3 is_stmt 1 view .LVU182
 129:Core/Src/tim.c ****   if (HAL_TIM_PWM_ConfigChannel(&htim3, &sConfigOC, TIM_CHANNEL_1) != HAL_OK)
 596              		.loc 1 129 24 is_stmt 0 view .LVU183
 597 0070 0492     		str	r2, [sp, #16]
 130:Core/Src/tim.c ****   {
ARM GAS  C:\Users\jacki\AppData\Local\Temp\cc5ipj3f.s 			page 18


 598              		.loc 1 130 3 is_stmt 1 view .LVU184
 130:Core/Src/tim.c ****   {
 599              		.loc 1 130 7 is_stmt 0 view .LVU185
 600 0072 6946     		mov	r1, sp
 601 0074 0C48     		ldr	r0, .L53
 602 0076 FFF7FEFF 		bl	HAL_TIM_PWM_ConfigChannel
 603              	.LVL28:
 130:Core/Src/tim.c ****   {
 604              		.loc 1 130 6 view .LVU186
 605 007a 88B9     		cbnz	r0, .L52
 606              	.L46:
 137:Core/Src/tim.c **** 
 607              		.loc 1 137 3 is_stmt 1 view .LVU187
 608 007c 0A48     		ldr	r0, .L53
 609 007e FFF7FEFF 		bl	HAL_TIM_MspPostInit
 610              	.LVL29:
 139:Core/Src/tim.c **** 
 611              		.loc 1 139 1 is_stmt 0 view .LVU188
 612 0082 0FB0     		add	sp, sp, #60
 613              		.cfi_remember_state
 614              		.cfi_def_cfa_offset 4
 615              		@ sp needed
 616 0084 5DF804FB 		ldr	pc, [sp], #4
 617              	.L48:
 618              		.cfi_restore_state
 109:Core/Src/tim.c ****   }
 619              		.loc 1 109 5 is_stmt 1 view .LVU189
 620 0088 FFF7FEFF 		bl	Error_Handler
 621              	.LVL30:
 622 008c D7E7     		b	.L42
 623              	.L49:
 114:Core/Src/tim.c ****   }
 624              		.loc 1 114 5 view .LVU190
 625 008e FFF7FEFF 		bl	Error_Handler
 626              	.LVL31:
 627 0092 DCE7     		b	.L43
 628              	.L50:
 118:Core/Src/tim.c ****   }
 629              		.loc 1 118 5 view .LVU191
 630 0094 FFF7FEFF 		bl	Error_Handler
 631              	.LVL32:
 632 0098 DDE7     		b	.L44
 633              	.L51:
 124:Core/Src/tim.c ****   }
 634              		.loc 1 124 5 view .LVU192
 635 009a FFF7FEFF 		bl	Error_Handler
 636              	.LVL33:
 637 009e E2E7     		b	.L45
 638              	.L52:
 132:Core/Src/tim.c ****   }
 639              		.loc 1 132 5 view .LVU193
 640 00a0 FFF7FEFF 		bl	Error_Handler
 641              	.LVL34:
 642 00a4 EAE7     		b	.L46
 643              	.L54:
 644 00a6 00BF     		.align	2
 645              	.L53:
ARM GAS  C:\Users\jacki\AppData\Local\Temp\cc5ipj3f.s 			page 19


 646 00a8 00000000 		.word	.LANCHOR1
 647 00ac 00040040 		.word	1073742848
 648              		.cfi_endproc
 649              	.LFE133:
 651              		.section	.text.HAL_TIM_PWM_MspDeInit,"ax",%progbits
 652              		.align	1
 653              		.global	HAL_TIM_PWM_MspDeInit
 654              		.syntax unified
 655              		.thumb
 656              		.thumb_func
 658              	HAL_TIM_PWM_MspDeInit:
 659              	.LVL35:
 660              	.LFB137:
 230:Core/Src/tim.c **** 
 231:Core/Src/tim.c **** void HAL_TIM_PWM_MspDeInit(TIM_HandleTypeDef* tim_pwmHandle)
 232:Core/Src/tim.c **** {
 661              		.loc 1 232 1 view -0
 662              		.cfi_startproc
 663              		@ args = 0, pretend = 0, frame = 0
 664              		@ frame_needed = 0, uses_anonymous_args = 0
 665              		@ link register save eliminated.
 233:Core/Src/tim.c **** 
 234:Core/Src/tim.c ****   if(tim_pwmHandle->Instance==TIM2)
 666              		.loc 1 234 3 view .LVU195
 667              		.loc 1 234 19 is_stmt 0 view .LVU196
 668 0000 0368     		ldr	r3, [r0]
 669              		.loc 1 234 5 view .LVU197
 670 0002 B3F1804F 		cmp	r3, #1073741824
 671 0006 00D0     		beq	.L57
 672              	.L55:
 235:Core/Src/tim.c ****   {
 236:Core/Src/tim.c ****   /* USER CODE BEGIN TIM2_MspDeInit 0 */
 237:Core/Src/tim.c **** 
 238:Core/Src/tim.c ****   /* USER CODE END TIM2_MspDeInit 0 */
 239:Core/Src/tim.c ****     /* Peripheral clock disable */
 240:Core/Src/tim.c ****     __HAL_RCC_TIM2_CLK_DISABLE();
 241:Core/Src/tim.c ****   /* USER CODE BEGIN TIM2_MspDeInit 1 */
 242:Core/Src/tim.c **** 
 243:Core/Src/tim.c ****   /* USER CODE END TIM2_MspDeInit 1 */
 244:Core/Src/tim.c ****   }
 245:Core/Src/tim.c **** }
 673              		.loc 1 245 1 view .LVU198
 674 0008 7047     		bx	lr
 675              	.L57:
 240:Core/Src/tim.c ****   /* USER CODE BEGIN TIM2_MspDeInit 1 */
 676              		.loc 1 240 5 is_stmt 1 view .LVU199
 677 000a 034A     		ldr	r2, .L58
 678 000c 936D     		ldr	r3, [r2, #88]
 679 000e 23F00103 		bic	r3, r3, #1
 680 0012 9365     		str	r3, [r2, #88]
 681              		.loc 1 245 1 is_stmt 0 view .LVU200
 682 0014 F8E7     		b	.L55
 683              	.L59:
 684 0016 00BF     		.align	2
 685              	.L58:
 686 0018 00100240 		.word	1073876992
 687              		.cfi_endproc
ARM GAS  C:\Users\jacki\AppData\Local\Temp\cc5ipj3f.s 			page 20


 688              	.LFE137:
 690              		.section	.text.HAL_TIM_Base_MspDeInit,"ax",%progbits
 691              		.align	1
 692              		.global	HAL_TIM_Base_MspDeInit
 693              		.syntax unified
 694              		.thumb
 695              		.thumb_func
 697              	HAL_TIM_Base_MspDeInit:
 698              	.LVL36:
 699              	.LFB138:
 246:Core/Src/tim.c **** 
 247:Core/Src/tim.c **** void HAL_TIM_Base_MspDeInit(TIM_HandleTypeDef* tim_baseHandle)
 248:Core/Src/tim.c **** {
 700              		.loc 1 248 1 is_stmt 1 view -0
 701              		.cfi_startproc
 702              		@ args = 0, pretend = 0, frame = 0
 703              		@ frame_needed = 0, uses_anonymous_args = 0
 704              		@ link register save eliminated.
 249:Core/Src/tim.c **** 
 250:Core/Src/tim.c ****   if(tim_baseHandle->Instance==TIM3)
 705              		.loc 1 250 3 view .LVU202
 706              		.loc 1 250 20 is_stmt 0 view .LVU203
 707 0000 0268     		ldr	r2, [r0]
 708              		.loc 1 250 5 view .LVU204
 709 0002 054B     		ldr	r3, .L63
 710 0004 9A42     		cmp	r2, r3
 711 0006 00D0     		beq	.L62
 712              	.L60:
 251:Core/Src/tim.c ****   {
 252:Core/Src/tim.c ****   /* USER CODE BEGIN TIM3_MspDeInit 0 */
 253:Core/Src/tim.c **** 
 254:Core/Src/tim.c ****   /* USER CODE END TIM3_MspDeInit 0 */
 255:Core/Src/tim.c ****     /* Peripheral clock disable */
 256:Core/Src/tim.c ****     __HAL_RCC_TIM3_CLK_DISABLE();
 257:Core/Src/tim.c ****   /* USER CODE BEGIN TIM3_MspDeInit 1 */
 258:Core/Src/tim.c **** 
 259:Core/Src/tim.c ****   /* USER CODE END TIM3_MspDeInit 1 */
 260:Core/Src/tim.c ****   }
 261:Core/Src/tim.c **** }
 713              		.loc 1 261 1 view .LVU205
 714 0008 7047     		bx	lr
 715              	.L62:
 256:Core/Src/tim.c ****   /* USER CODE BEGIN TIM3_MspDeInit 1 */
 716              		.loc 1 256 5 is_stmt 1 view .LVU206
 717 000a 044A     		ldr	r2, .L63+4
 718 000c 936D     		ldr	r3, [r2, #88]
 719 000e 23F00203 		bic	r3, r3, #2
 720 0012 9365     		str	r3, [r2, #88]
 721              		.loc 1 261 1 is_stmt 0 view .LVU207
 722 0014 F8E7     		b	.L60
 723              	.L64:
 724 0016 00BF     		.align	2
 725              	.L63:
 726 0018 00040040 		.word	1073742848
 727 001c 00100240 		.word	1073876992
 728              		.cfi_endproc
 729              	.LFE138:
ARM GAS  C:\Users\jacki\AppData\Local\Temp\cc5ipj3f.s 			page 21


 731              		.global	htim3
 732              		.global	htim2
 733              		.section	.bss.htim2,"aw",%nobits
 734              		.align	2
 735              		.set	.LANCHOR0,. + 0
 738              	htim2:
 739 0000 00000000 		.space	76
 739      00000000 
 739      00000000 
 739      00000000 
 739      00000000 
 740              		.section	.bss.htim3,"aw",%nobits
 741              		.align	2
 742              		.set	.LANCHOR1,. + 0
 745              	htim3:
 746 0000 00000000 		.space	76
 746      00000000 
 746      00000000 
 746      00000000 
 746      00000000 
 747              		.text
 748              	.Letext0:
 749              		.file 2 "c:\\users\\jacki\\appdata\\roaming\\code\\user\\globalstorage\\bmd.stm32-for-vscode\\@xpa
 750              		.file 3 "c:\\users\\jacki\\appdata\\roaming\\code\\user\\globalstorage\\bmd.stm32-for-vscode\\@xpa
 751              		.file 4 "Drivers/CMSIS/Device/ST/STM32G4xx/Include/stm32g474xx.h"
 752              		.file 5 "Drivers/STM32G4xx_HAL_Driver/Inc/stm32g4xx_hal_def.h"
 753              		.file 6 "Drivers/STM32G4xx_HAL_Driver/Inc/stm32g4xx_hal_gpio.h"
 754              		.file 7 "Drivers/STM32G4xx_HAL_Driver/Inc/stm32g4xx_hal_dma.h"
 755              		.file 8 "Drivers/STM32G4xx_HAL_Driver/Inc/stm32g4xx_hal_tim.h"
 756              		.file 9 "Core/Inc/tim.h"
 757              		.file 10 "Drivers/STM32G4xx_HAL_Driver/Inc/stm32g4xx_hal_tim_ex.h"
 758              		.file 11 "Core/Inc/main.h"
ARM GAS  C:\Users\jacki\AppData\Local\Temp\cc5ipj3f.s 			page 22


DEFINED SYMBOLS
                            *ABS*:0000000000000000 tim.c
C:\Users\jacki\AppData\Local\Temp\cc5ipj3f.s:20     .text.HAL_TIM_PWM_MspInit:0000000000000000 $t
C:\Users\jacki\AppData\Local\Temp\cc5ipj3f.s:26     .text.HAL_TIM_PWM_MspInit:0000000000000000 HAL_TIM_PWM_MspInit
C:\Users\jacki\AppData\Local\Temp\cc5ipj3f.s:71     .text.HAL_TIM_Base_MspInit:0000000000000000 $t
C:\Users\jacki\AppData\Local\Temp\cc5ipj3f.s:77     .text.HAL_TIM_Base_MspInit:0000000000000000 HAL_TIM_Base_MspInit
C:\Users\jacki\AppData\Local\Temp\cc5ipj3f.s:121    .text.HAL_TIM_Base_MspInit:0000000000000028 $d
C:\Users\jacki\AppData\Local\Temp\cc5ipj3f.s:126    .text.HAL_TIM_MspPostInit:0000000000000000 $t
C:\Users\jacki\AppData\Local\Temp\cc5ipj3f.s:132    .text.HAL_TIM_MspPostInit:0000000000000000 HAL_TIM_MspPostInit
C:\Users\jacki\AppData\Local\Temp\cc5ipj3f.s:295    .text.HAL_TIM_MspPostInit:00000000000000a4 $d
C:\Users\jacki\AppData\Local\Temp\cc5ipj3f.s:302    .text.MX_TIM2_Init:0000000000000000 $t
C:\Users\jacki\AppData\Local\Temp\cc5ipj3f.s:308    .text.MX_TIM2_Init:0000000000000000 MX_TIM2_Init
C:\Users\jacki\AppData\Local\Temp\cc5ipj3f.s:475    .text.MX_TIM2_Init:00000000000000b0 $d
C:\Users\jacki\AppData\Local\Temp\cc5ipj3f.s:480    .text.MX_TIM3_Init:0000000000000000 $t
C:\Users\jacki\AppData\Local\Temp\cc5ipj3f.s:486    .text.MX_TIM3_Init:0000000000000000 MX_TIM3_Init
C:\Users\jacki\AppData\Local\Temp\cc5ipj3f.s:646    .text.MX_TIM3_Init:00000000000000a8 $d
C:\Users\jacki\AppData\Local\Temp\cc5ipj3f.s:652    .text.HAL_TIM_PWM_MspDeInit:0000000000000000 $t
C:\Users\jacki\AppData\Local\Temp\cc5ipj3f.s:658    .text.HAL_TIM_PWM_MspDeInit:0000000000000000 HAL_TIM_PWM_MspDeInit
C:\Users\jacki\AppData\Local\Temp\cc5ipj3f.s:686    .text.HAL_TIM_PWM_MspDeInit:0000000000000018 $d
C:\Users\jacki\AppData\Local\Temp\cc5ipj3f.s:691    .text.HAL_TIM_Base_MspDeInit:0000000000000000 $t
C:\Users\jacki\AppData\Local\Temp\cc5ipj3f.s:697    .text.HAL_TIM_Base_MspDeInit:0000000000000000 HAL_TIM_Base_MspDeInit
C:\Users\jacki\AppData\Local\Temp\cc5ipj3f.s:726    .text.HAL_TIM_Base_MspDeInit:0000000000000018 $d
C:\Users\jacki\AppData\Local\Temp\cc5ipj3f.s:745    .bss.htim3:0000000000000000 htim3
C:\Users\jacki\AppData\Local\Temp\cc5ipj3f.s:738    .bss.htim2:0000000000000000 htim2
C:\Users\jacki\AppData\Local\Temp\cc5ipj3f.s:734    .bss.htim2:0000000000000000 $d
C:\Users\jacki\AppData\Local\Temp\cc5ipj3f.s:741    .bss.htim3:0000000000000000 $d

UNDEFINED SYMBOLS
HAL_GPIO_Init
HAL_TIM_PWM_Init
HAL_TIMEx_MasterConfigSynchronization
HAL_TIM_PWM_ConfigChannel
Error_Handler
HAL_TIM_Base_Init
HAL_TIM_ConfigClockSource
